#
# There is insufficient memory for the Java Runtime Environment to continue.
# Native memory allocation (malloc) failed to allocate 1072976 bytes for Chunk::new
# Possible reasons:
#   The system is out of physical RAM or swap space
#   The process is running with CompressedOops enabled, and the Java Heap may be blocking the growth of the native heap
# Possible solutions:
#   Reduce memory load on the system
#   Increase physical memory or swap space
#   Check if swap backing store is full
#   Decrease Java heap size (-Xmx/-Xms)
#   Decrease number of Java threads
#   Decrease Java thread stack sizes (-Xss)
#   Set larger code cache with -XX:ReservedCodeCacheSize=
#   JVM is running with Unscaled Compressed Oops mode in which the Java heap is
#     placed in the first 4GB address space. The Java Heap base address is the
#     maximum limit for the native heap growth. Please use -XX:HeapBaseMinAddress
#     to set the Java Heap base and to place the Java Heap above 4GB virtual address.
# This output file may be truncated or incomplete.
#
#  Out of Memory Error (arena.cpp:184), pid=4464, tid=7400
#
# JRE version: OpenJDK Runtime Environment (19.0+36) (build 19+36-2238)
# Java VM: OpenJDK 64-Bit Server VM (19+36-2238, mixed mode, sharing, tiered, compressed oops, compressed class ptrs, g1 gc, windows-amd64)
# No core dump will be written. Minidumps are not enabled by default on client versions of Windows
#

---------------  S U M M A R Y ------------

Command Line: -XX:MaxMetaspaceSize=256m -XX:+HeapDumpOnOutOfMemoryError --add-opens=java.base/java.util=ALL-UNNAMED --add-opens=java.base/java.lang=ALL-UNNAMED --add-opens=java.base/java.lang.invoke=ALL-UNNAMED --add-opens=java.prefs/java.util.prefs=ALL-UNNAMED -Xms256m -Xmx512m -Dfile.encoding=windows-1252 -Duser.country=ID -Duser.language=en -Duser.variant org.gradle.launcher.daemon.bootstrap.GradleDaemon 6.6

Host: Intel(R) Core(TM) i3-8130U CPU @ 2.20GHz, 4 cores, 7G,  Windows 10 , 64 bit Build 18362 (10.0.18362.752)
Time: Mon Oct 31 13:22:42 2022 SE Asia Standard Time elapsed time: 11.609552 seconds (0d 0h 0m 11s)

---------------  T H R E A D  ---------------

Current thread (0x000001be4ea16480):  JavaThread "C2 CompilerThread1" daemon [_thread_in_native, id=7400, stack(0x000000a0cf900000,0x000000a0cfa00000)]


Current CompileTask:
C2:  11639 5540   !   4       java.security.AccessController::doPrivileged (26 bytes)

Stack: [0x000000a0cf900000,0x000000a0cfa00000]
Native frames: (J=compiled Java code, j=interpreted, Vv=VM code, C=native code)
V  [jvm.dll+0x6ee8fa]
V  [jvm.dll+0x857a1e]
V  [jvm.dll+0x85940e]
V  [jvm.dll+0x859ac3]
V  [jvm.dll+0x28291f]
V  [jvm.dll+0xc9b5f]
V  [jvm.dll+0xc9ee5]
V  [jvm.dll+0x2f7c6f]
V  [jvm.dll+0x5f0c5b]
V  [jvm.dll+0x2551fc]
V  [jvm.dll+0x24e097]
V  [jvm.dll+0x24b563]
V  [jvm.dll+0x1d6d61]
V  [jvm.dll+0x25b0fa]
V  [jvm.dll+0x259588]
V  [jvm.dll+0x807928]
V  [jvm.dll+0x8015fa]
V  [jvm.dll+0x6ed5eb]
C  [ucrtbase.dll+0x20e72]
C  [KERNEL32.DLL+0x17bd4]
C  [ntdll.dll+0x6ced1]


---------------  P R O C E S S  ---------------

Threads class SMR info:
_java_thread_list=0x000001be4b893a00, length=64, elements={
0x000001be2c7e0cd0, 0x000001be4b10c130, 0x000001be4b10cf20, 0x000001be4b110520,
0x000001be4b112260, 0x000001be4b112b90, 0x000001be4b113600, 0x000001be4b120160,
0x000001be4b142af0, 0x000001be4b145470, 0x000001be4b285cc0, 0x000001be4b28b870,
0x000001be4cac0830, 0x000001be4c5635d0, 0x000001be4c75c930, 0x000001be4cabd170,
0x000001be4cabd6b0, 0x000001be4c983200, 0x000001be4c97cd60, 0x000001be4c33c5d0,
0x000001be4c339600, 0x000001be4c33a5f0, 0x000001be4c33bb30, 0x000001be4c33ab40,
0x000001be4c33b5e0, 0x000001be4c339b50, 0x000001be4c33a0a0, 0x000001be4fff4f80,
0x000001be4fff7f50, 0x000001be4fff84a0, 0x000001be4fff99e0, 0x000001be4fff3f90,
0x000001be4fff8f40, 0x000001be4fffaf20, 0x000001be4fff74b0, 0x000001be4fff9490,
0x000001be4fffa480, 0x000001be4fffb9c0, 0x000001be4fff5a20, 0x000001be4fff64c0,
0x000001be4fff5f70, 0x000001be4fff6a10, 0x000001be4fff44e0, 0x000001be4fff4a30,
0x000001be4fff6f60, 0x000001be4fff54d0, 0x000001be4fff89f0, 0x000001be4fff9f30,
0x000001be4fffa9d0, 0x000001be4fffb470, 0x000001be4d6fef90, 0x000001be4d6fca60,
0x000001be4d6fba70, 0x000001be4d6fda50, 0x000001be4d6f9a90, 0x000001be4d6fdfa0,
0x000001be4d6faa80, 0x000001be4d6fcfb0, 0x000001be4d6f9fe0, 0x000001be4d6fa530,
0x000001be4d6fe4f0, 0x000001be4d6f7560, 0x000001be4d6f7ab0, 0x000001be4ea16480
}

Java Threads: ( => current thread )
  0x000001be2c7e0cd0 JavaThread "main" [_thread_blocked, id=3092, stack(0x000000a0cae00000,0x000000a0caf00000)]
  0x000001be4b10c130 JavaThread "Reference Handler" daemon [_thread_blocked, id=6404, stack(0x000000a0cb500000,0x000000a0cb600000)]
  0x000001be4b10cf20 JavaThread "Finalizer" daemon [_thread_blocked, id=2188, stack(0x000000a0cb600000,0x000000a0cb700000)]
  0x000001be4b110520 JavaThread "Signal Dispatcher" daemon [_thread_blocked, id=7804, stack(0x000000a0cb700000,0x000000a0cb800000)]
  0x000001be4b112260 JavaThread "Attach Listener" daemon [_thread_blocked, id=2144, stack(0x000000a0cb800000,0x000000a0cb900000)]
  0x000001be4b112b90 JavaThread "Service Thread" daemon [_thread_blocked, id=3472, stack(0x000000a0cb900000,0x000000a0cba00000)]
  0x000001be4b113600 JavaThread "Monitor Deflation Thread" daemon [_thread_blocked, id=7880, stack(0x000000a0cba00000,0x000000a0cbb00000)]
  0x000001be4b120160 JavaThread "C2 CompilerThread0" daemon [_thread_in_native, id=3724, stack(0x000000a0cbb00000,0x000000a0cbc00000)]
  0x000001be4b142af0 JavaThread "C1 CompilerThread0" daemon [_thread_blocked, id=6356, stack(0x000000a0cbc00000,0x000000a0cbd00000)]
  0x000001be4b145470 JavaThread "Sweeper thread" daemon [_thread_blocked, id=4936, stack(0x000000a0cbd00000,0x000000a0cbe00000)]
  0x000001be4b285cc0 JavaThread "Common-Cleaner" daemon [_thread_blocked, id=2344, stack(0x000000a0cbe00000,0x000000a0cbf00000)]
  0x000001be4b28b870 JavaThread "Notification Thread" daemon [_thread_blocked, id=6528, stack(0x000000a0cbf00000,0x000000a0cc000000)]
  0x000001be4cac0830 JavaThread "Daemon health stats" [_thread_blocked, id=4084, stack(0x000000a0cc500000,0x000000a0cc600000)]
  0x000001be4c5635d0 JavaThread "Incoming local TCP Connector on port 51084" [_thread_in_native, id=7784, stack(0x000000a0cc800000,0x000000a0cc900000)]
  0x000001be4c75c930 JavaThread "Daemon periodic checks" [_thread_blocked, id=6764, stack(0x000000a0cc900000,0x000000a0cca00000)]
  0x000001be4cabd170 JavaThread "Daemon" [_thread_blocked, id=6880, stack(0x000000a0cca00000,0x000000a0ccb00000)]
  0x000001be4cabd6b0 JavaThread "Handler for socket connection from /127.0.0.1:51084 to /127.0.0.1:51085" [_thread_in_native, id=4540, stack(0x000000a0ccb00000,0x000000a0ccc00000)]
  0x000001be4c983200 JavaThread "Cancel handler" [_thread_blocked, id=1632, stack(0x000000a0ccc00000,0x000000a0ccd00000)]
  0x000001be4c97cd60 JavaThread "Daemon worker" [_thread_in_vm, id=4308, stack(0x000000a0ccd00000,0x000000a0cce00000)]
  0x000001be4c33c5d0 JavaThread "Asynchronous log dispatcher for DefaultDaemonConnection: socket connection from /127.0.0.1:51084 to /127.0.0.1:51085" [_thread_blocked, id=1888, stack(0x000000a0cce00000,0x000000a0ccf00000)]
  0x000001be4c339600 JavaThread "Stdin handler" [_thread_blocked, id=5384, stack(0x000000a0ccf00000,0x000000a0cd000000)]
  0x000001be4c33a5f0 JavaThread "Thread-8" [_thread_blocked, id=1996, stack(0x000000a0cd000000,0x000000a0cd100000)]
  0x000001be4c33bb30 JavaThread "Cache worker for file hash cache (C:\Users\USER\.gradle\caches\6.6\fileHashes)" [_thread_blocked, id=7104, stack(0x000000a0cd100000,0x000000a0cd200000)]
  0x000001be4c33ab40 JavaThread "File lock request listener" [_thread_in_native, id=6432, stack(0x000000a0cd200000,0x000000a0cd300000)]
  0x000001be4c33b5e0 JavaThread "Cache worker for journal cache (C:\Users\USER\.gradle\caches\journal-1)" [_thread_blocked, id=228, stack(0x000000a0cd300000,0x000000a0cd400000)]
  0x000001be4c339b50 JavaThread "Cache worker for file hash cache (D:\Sanas Febriyan\Kotlin\6 Kotlin Coroutine\.gradle\6.6\fileHashes)" [_thread_blocked, id=1464, stack(0x000000a0cd400000,0x000000a0cd500000)]
  0x000001be4c33a0a0 JavaThread "jar transforms" [_thread_blocked, id=5268, stack(0x000000a0cd500000,0x000000a0cd600000)]
  0x000001be4fff4f80 JavaThread "jar transforms Thread 2" [_thread_blocked, id=384, stack(0x000000a0cd600000,0x000000a0cd700000)]
  0x000001be4fff7f50 JavaThread "jar transforms Thread 3" [_thread_blocked, id=5024, stack(0x000000a0cd700000,0x000000a0cd800000)]
  0x000001be4fff84a0 JavaThread "jar transforms Thread 4" [_thread_blocked, id=5216, stack(0x000000a0cd800000,0x000000a0cd900000)]
  0x000001be4fff99e0 JavaThread "jar transforms Thread 5" [_thread_blocked, id=7364, stack(0x000000a0cd900000,0x000000a0cda00000)]
  0x000001be4fff3f90 JavaThread "jar transforms Thread 6" [_thread_blocked, id=1712, stack(0x000000a0cda00000,0x000000a0cdb00000)]
  0x000001be4fff8f40 JavaThread "jar transforms Thread 7" [_thread_blocked, id=6864, stack(0x000000a0cdb00000,0x000000a0cdc00000)]
  0x000001be4fffaf20 JavaThread "jar transforms Thread 8" [_thread_blocked, id=3260, stack(0x000000a0cdc00000,0x000000a0cdd00000)]
  0x000001be4fff74b0 JavaThread "jar transforms Thread 9" [_thread_blocked, id=6384, stack(0x000000a0cdd00000,0x000000a0cde00000)]
  0x000001be4fff9490 JavaThread "jar transforms Thread 10" [_thread_blocked, id=1172, stack(0x000000a0cde00000,0x000000a0cdf00000)]
  0x000001be4fffa480 JavaThread "jar transforms Thread 11" [_thread_blocked, id=964, stack(0x000000a0cdf00000,0x000000a0ce000000)]
  0x000001be4fffb9c0 JavaThread "jar transforms Thread 12" [_thread_blocked, id=1348, stack(0x000000a0ce000000,0x000000a0ce100000)]
  0x000001be4fff5a20 JavaThread "jar transforms Thread 13" [_thread_blocked, id=8056, stack(0x000000a0ce100000,0x000000a0ce200000)]
  0x000001be4fff64c0 JavaThread "jar transforms Thread 14" [_thread_blocked, id=2448, stack(0x000000a0ce200000,0x000000a0ce300000)]
  0x000001be4fff5f70 JavaThread "jar transforms Thread 15" [_thread_blocked, id=6476, stack(0x000000a0ce300000,0x000000a0ce400000)]
  0x000001be4fff6a10 JavaThread "jar transforms Thread 16" [_thread_blocked, id=6956, stack(0x000000a0ce400000,0x000000a0ce500000)]
  0x000001be4fff44e0 JavaThread "jar transforms Thread 17" [_thread_blocked, id=2468, stack(0x000000a0ce500000,0x000000a0ce600000)]
  0x000001be4fff4a30 JavaThread "jar transforms Thread 18" [_thread_blocked, id=5920, stack(0x000000a0ce600000,0x000000a0ce700000)]
  0x000001be4fff6f60 JavaThread "jar transforms Thread 19" [_thread_blocked, id=2624, stack(0x000000a0ce700000,0x000000a0ce800000)]
  0x000001be4fff54d0 JavaThread "jar transforms Thread 20" [_thread_blocked, id=6064, stack(0x000000a0ce800000,0x000000a0ce900000)]
  0x000001be4fff89f0 JavaThread "Cache worker for checksums cache (D:\Sanas Febriyan\Kotlin\6 Kotlin Coroutine\.gradle\checksums)" [_thread_blocked, id=7108, stack(0x000000a0ce900000,0x000000a0cea00000)]
  0x000001be4fff9f30 JavaThread "Cache worker for cache directory md-supplier (C:\Users\USER\.gradle\caches\6.6\md-supplier)" [_thread_blocked, id=2112, stack(0x000000a0cea00000,0x000000a0ceb00000)]
  0x000001be4fffa9d0 JavaThread "Cache worker for cache directory md-rule (C:\Users\USER\.gradle\caches\6.6\md-rule)" [_thread_blocked, id=2024, stack(0x000000a0ceb00000,0x000000a0cec00000)]
  0x000001be4fffb470 JavaThread "Cache worker for execution history cache (C:\Users\USER\.gradle\caches\6.6\executionHistory)" [_thread_blocked, id=8100, stack(0x000000a0cec00000,0x000000a0ced00000)]
  0x000001be4d6fef90 JavaThread "Cache worker for file content cache (C:\Users\USER\.gradle\caches\6.6\fileContent)" [_thread_blocked, id=6364, stack(0x000000a0ced00000,0x000000a0cee00000)]
  0x000001be4d6fca60 JavaThread "Cache worker for Build Output Cleanup Cache (D:\Sanas Febriyan\Kotlin\6 Kotlin Coroutine\.gradle\buildOutputCleanup)" [_thread_blocked, id=3432, stack(0x000000a0cee00000,0x000000a0cef00000)]
  0x000001be4d6fba70 JavaThread "Build operations" [_thread_blocked, id=7376, stack(0x000000a0cc100000,0x000000a0cc200000)]
  0x000001be4d6fda50 JavaThread "Build operations Thread 2" [_thread_blocked, id=4392, stack(0x000000a0cef00000,0x000000a0cf000000)]
  0x000001be4d6f9a90 JavaThread "Build operations Thread 3" [_thread_blocked, id=2876, stack(0x000000a0cf000000,0x000000a0cf100000)]
  0x000001be4d6fdfa0 JavaThread "Build operations Thread 4" [_thread_blocked, id=4632, stack(0x000000a0cf100000,0x000000a0cf200000)]
  0x000001be4d6faa80 JavaThread "jar transforms Thread 21" [_thread_blocked, id=1240, stack(0x000000a0cf200000,0x000000a0cf300000)]
  0x000001be4d6fcfb0 JavaThread "jar transforms Thread 22" [_thread_blocked, id=3172, stack(0x000000a0cf300000,0x000000a0cf400000)]
  0x000001be4d6f9fe0 JavaThread "jar transforms Thread 23" [_thread_blocked, id=6804, stack(0x000000a0cf400000,0x000000a0cf500000)]
  0x000001be4d6fa530 JavaThread "jar transforms Thread 24" [_thread_blocked, id=1456, stack(0x000000a0cf500000,0x000000a0cf600000)]
  0x000001be4d6fe4f0 JavaThread "jar transforms Thread 25" [_thread_blocked, id=7484, stack(0x000000a0cf600000,0x000000a0cf700000)]
  0x000001be4d6f7560 JavaThread "jar transforms Thread 26" [_thread_blocked, id=7744, stack(0x000000a0cf700000,0x000000a0cf800000)]
  0x000001be4d6f7ab0 JavaThread "jar transforms Thread 27" [_thread_blocked, id=2172, stack(0x000000a0cf800000,0x000000a0cf900000)]
=>0x000001be4ea16480 JavaThread "C2 CompilerThread1" daemon [_thread_in_native, id=7400, stack(0x000000a0cf900000,0x000000a0cfa00000)]

Other Threads:
  0x000001be46f71aa0 VMThread "VM Thread" [stack: 0x000000a0cb400000,0x000000a0cb500000] [id=2076]
  0x000001be4b28e7e0 WatcherThread "VM Periodic Task Thread" [stack: 0x000000a0cc000000,0x000000a0cc100000] [id=6808]
  0x000001be2c812560 WorkerThread "GC Thread#0" [stack: 0x000000a0caf00000,0x000000a0cb000000] [id=316]
  0x000001be4b8741e0 WorkerThread "GC Thread#1" [stack: 0x000000a0cc200000,0x000000a0cc300000] [id=6800]
  0x000001be4b8744b0 WorkerThread "GC Thread#2" [stack: 0x000000a0cc300000,0x000000a0cc400000] [id=7824]
  0x000001be4b874780 WorkerThread "GC Thread#3" [stack: 0x000000a0cc400000,0x000000a0cc500000] [id=6272]
  0x000001be2c8173d0 ConcurrentGCThread "G1 Main Marker" [stack: 0x000000a0cb000000,0x000000a0cb100000] [id=7568]
  0x000001be2c817eb0 WorkerThread "G1 Conc#0" [stack: 0x000000a0cb100000,0x000000a0cb200000] [id=920]
  0x000001be2c89eb90 ConcurrentGCThread "G1 Refine#0" [stack: 0x000000a0cb200000,0x000000a0cb300000] [id=5360]
  0x000001be46e34850 ConcurrentGCThread "G1 Service" [stack: 0x000000a0cb300000,0x000000a0cb400000] [id=4204]

Threads with active compile tasks:
C2 CompilerThread0    11870 5520       4       java.net.URLClassLoader$1::run (5 bytes)
C2 CompilerThread1    11870 5540   !   4       java.security.AccessController::doPrivileged (26 bytes)

VM state: not at safepoint (normal execution)

VM Mutex/Monitor currently owned by a thread: None

Heap address: 0x00000000e0000000, size: 512 MB, Compressed Oops mode: 32-bit

CDS archive(s) mapped at: [0x0000000800000000-0x0000000800c40000-0x0000000800c40000), size 12845056, SharedBaseAddress: 0x0000000800000000, ArchiveRelocationMode: 0.
Compressed class space mapped at: 0x0000000801000000-0x000000080e000000, reserved size: 218103808
Narrow klass base: 0x0000000800000000, Narrow klass shift: 0, Narrow klass range: 0x100000000

GC Precious Log:
 CardTable entry size: 512
 Card Set container configuration: InlinePtr #cards 5 size 8 Array Of Cards #cards 12 size 40 Howl #buckets 4 coarsen threshold 1843 Howl Bitmap #cards 512 size 80 coarsen threshold 460 Card regions per heap region 1 cards per card region 2048
 CPUs: 4 total, 4 available
 Memory: 8069M
 Large Page Support: Disabled
 NUMA Support: Disabled
 Compressed Oops: Enabled (32-bit)
 Heap Region Size: 1M
 Heap Min Capacity: 256M
 Heap Initial Capacity: 256M
 Heap Max Capacity: 512M
 Pre-touch: Disabled
 Parallel Workers: 4
 Concurrent Workers: 1
 Concurrent Refinement Workers: 4
 Periodic GC: Disabled

Heap:
 garbage-first heap   total 262144K, used 125348K [0x00000000e0000000, 0x0000000100000000)
  region size 1024K, 5 young (5120K), 4 survivors (4096K)
 Metaspace       used 50656K, committed 52224K, reserved 278528K
  class space    used 6840K, committed 7616K, reserved 212992K

Heap Regions: E=young(eden), S=young(survivor), O=old, HS=humongous(starts), HC=humongous(continues), CS=collection set, F=free, OA=open archive, CA=closed archive, TAMS=top-at-mark-start (previous, next)
|   0|0x00000000e0000000, 0x00000000e0100000, 0x00000000e0100000|100%| O|  |TAMS 0x00000000e0100000, 0x00000000e0100000| Untracked 
|   1|0x00000000e0100000, 0x00000000e0200000, 0x00000000e0200000|100%| O|  |TAMS 0x00000000e0200000, 0x00000000e0200000| Untracked 
|   2|0x00000000e0200000, 0x00000000e0300000, 0x00000000e0300000|100%| O|  |TAMS 0x00000000e0300000, 0x00000000e0300000| Untracked 
|   3|0x00000000e0300000, 0x00000000e0400000, 0x00000000e0400000|100%|HS|  |TAMS 0x00000000e0400000, 0x00000000e0400000| Complete 
|   4|0x00000000e0400000, 0x00000000e0500000, 0x00000000e0500000|100%|HC|  |TAMS 0x00000000e0500000, 0x00000000e0500000| Complete 
|   5|0x00000000e0500000, 0x00000000e0600000, 0x00000000e0600000|100%|HC|  |TAMS 0x00000000e0600000, 0x00000000e0600000| Complete 
|   6|0x00000000e0600000, 0x00000000e0700000, 0x00000000e0700000|100%| O|  |TAMS 0x00000000e0700000, 0x00000000e0700000| Untracked 
|   7|0x00000000e0700000, 0x00000000e0800000, 0x00000000e0800000|100%| O|  |TAMS 0x00000000e0800000, 0x00000000e0800000| Untracked 
|   8|0x00000000e0800000, 0x00000000e0900000, 0x00000000e0900000|100%| O|  |TAMS 0x00000000e0900000, 0x00000000e0900000| Untracked 
|   9|0x00000000e0900000, 0x00000000e0a00000, 0x00000000e0a00000|100%| O|  |TAMS 0x00000000e0a00000, 0x00000000e0a00000| Untracked 
|  10|0x00000000e0a00000, 0x00000000e0b00000, 0x00000000e0b00000|100%|HS|  |TAMS 0x00000000e0b00000, 0x00000000e0b00000| Complete 
|  11|0x00000000e0b00000, 0x00000000e0c00000, 0x00000000e0c00000|100%|HC|  |TAMS 0x00000000e0c00000, 0x00000000e0c00000| Complete 
|  12|0x00000000e0c00000, 0x00000000e0d00000, 0x00000000e0d00000|100%|HS|  |TAMS 0x00000000e0d00000, 0x00000000e0d00000| Complete 
|  13|0x00000000e0d00000, 0x00000000e0e00000, 0x00000000e0e00000|100%|HC|  |TAMS 0x00000000e0e00000, 0x00000000e0e00000| Complete 
|  14|0x00000000e0e00000, 0x00000000e0f00000, 0x00000000e0f00000|100%|HC|  |TAMS 0x00000000e0f00000, 0x00000000e0f00000| Complete 
|  15|0x00000000e0f00000, 0x00000000e1000000, 0x00000000e1000000|100%|HS|  |TAMS 0x00000000e1000000, 0x00000000e1000000| Complete 
|  16|0x00000000e1000000, 0x00000000e1100000, 0x00000000e1100000|100%|HC|  |TAMS 0x00000000e1100000, 0x00000000e1100000| Complete 
|  17|0x00000000e1100000, 0x00000000e1200000, 0x00000000e1200000|100%|HC|  |TAMS 0x00000000e1200000, 0x00000000e1200000| Complete 
|  18|0x00000000e1200000, 0x00000000e1300000, 0x00000000e1300000|100%|HS|  |TAMS 0x00000000e1300000, 0x00000000e1300000| Complete 
|  19|0x00000000e1300000, 0x00000000e1400000, 0x00000000e1400000|100%|HC|  |TAMS 0x00000000e1400000, 0x00000000e1400000| Complete 
|  20|0x00000000e1400000, 0x00000000e1500000, 0x00000000e1500000|100%|HS|  |TAMS 0x00000000e1500000, 0x00000000e1500000| Complete 
|  21|0x00000000e1500000, 0x00000000e1600000, 0x00000000e1600000|100%|HC|  |TAMS 0x00000000e1600000, 0x00000000e1600000| Complete 
|  22|0x00000000e1600000, 0x00000000e1700000, 0x00000000e1700000|100%|HC|  |TAMS 0x00000000e1700000, 0x00000000e1700000| Complete 
|  23|0x00000000e1700000, 0x00000000e1800000, 0x00000000e1800000|100%|HC|  |TAMS 0x00000000e1800000, 0x00000000e1800000| Complete 
|  24|0x00000000e1800000, 0x00000000e1900000, 0x00000000e1900000|100%|HC|  |TAMS 0x00000000e1900000, 0x00000000e1900000| Complete 
|  25|0x00000000e1900000, 0x00000000e1a00000, 0x00000000e1a00000|100%|HC|  |TAMS 0x00000000e1a00000, 0x00000000e1a00000| Complete 
|  26|0x00000000e1a00000, 0x00000000e1b00000, 0x00000000e1b00000|100%|HC|  |TAMS 0x00000000e1b00000, 0x00000000e1b00000| Complete 
|  27|0x00000000e1b00000, 0x00000000e1c00000, 0x00000000e1c00000|100%|HC|  |TAMS 0x00000000e1c00000, 0x00000000e1c00000| Complete 
|  28|0x00000000e1c00000, 0x00000000e1d00000, 0x00000000e1d00000|100%|HC|  |TAMS 0x00000000e1d00000, 0x00000000e1d00000| Complete 
|  29|0x00000000e1d00000, 0x00000000e1e00000, 0x00000000e1e00000|100%|HC|  |TAMS 0x00000000e1e00000, 0x00000000e1e00000| Complete 
|  30|0x00000000e1e00000, 0x00000000e1f00000, 0x00000000e1f00000|100%|HS|  |TAMS 0x00000000e1f00000, 0x00000000e1f00000| Complete 
|  31|0x00000000e1f00000, 0x00000000e2000000, 0x00000000e2000000|100%|HC|  |TAMS 0x00000000e2000000, 0x00000000e2000000| Complete 
|  32|0x00000000e2000000, 0x00000000e2100000, 0x00000000e2100000|100%|HS|  |TAMS 0x00000000e2100000, 0x00000000e2100000| Complete 
|  33|0x00000000e2100000, 0x00000000e2200000, 0x00000000e2200000|100%|HC|  |TAMS 0x00000000e2200000, 0x00000000e2200000| Complete 
|  34|0x00000000e2200000, 0x00000000e2300000, 0x00000000e2300000|100%|HC|  |TAMS 0x00000000e2300000, 0x00000000e2300000| Complete 
|  35|0x00000000e2300000, 0x00000000e2400000, 0x00000000e2400000|100%|HC|  |TAMS 0x00000000e2400000, 0x00000000e2400000| Complete 
|  36|0x00000000e2400000, 0x00000000e2500000, 0x00000000e2500000|100%|HC|  |TAMS 0x00000000e2500000, 0x00000000e2500000| Complete 
|  37|0x00000000e2500000, 0x00000000e2600000, 0x00000000e2600000|100%| O|  |TAMS 0x00000000e2600000, 0x00000000e2600000| Untracked 
|  38|0x00000000e2600000, 0x00000000e2600000, 0x00000000e2700000|  0%| F|  |TAMS 0x00000000e2600000, 0x00000000e2600000| Untracked 
|  39|0x00000000e2700000, 0x00000000e2800000, 0x00000000e2800000|100%| O|  |TAMS 0x00000000e2800000, 0x00000000e2800000| Untracked 
|  40|0x00000000e2800000, 0x00000000e2900000, 0x00000000e2900000|100%| O|  |TAMS 0x00000000e2900000, 0x00000000e2900000| Untracked 
|  41|0x00000000e2900000, 0x00000000e2a00000, 0x00000000e2a00000|100%| O|  |TAMS 0x00000000e2a00000, 0x00000000e2a00000| Untracked 
|  42|0x00000000e2a00000, 0x00000000e2b00000, 0x00000000e2b00000|100%| O|  |TAMS 0x00000000e2b00000, 0x00000000e2b00000| Untracked 
|  43|0x00000000e2b00000, 0x00000000e2c00000, 0x00000000e2c00000|100%| O|  |TAMS 0x00000000e2ba4200, 0x00000000e2c00000| Untracked 
|  44|0x00000000e2c00000, 0x00000000e2d00000, 0x00000000e2d00000|100%| O|  |TAMS 0x00000000e2c00000, 0x00000000e2d00000| Untracked 
|  45|0x00000000e2d00000, 0x00000000e2e00000, 0x00000000e2e00000|100%|HS|  |TAMS 0x00000000e2d00000, 0x00000000e2e00000| Complete 
|  46|0x00000000e2e00000, 0x00000000e2f00000, 0x00000000e2f00000|100%| O|  |TAMS 0x00000000e2e00000, 0x00000000e2f00000| Untracked 
|  47|0x00000000e2f00000, 0x00000000e3000000, 0x00000000e3000000|100%|HS|  |TAMS 0x00000000e3000000, 0x00000000e3000000| Complete 
|  48|0x00000000e3000000, 0x00000000e3100000, 0x00000000e3100000|100%|HC|  |TAMS 0x00000000e3100000, 0x00000000e3100000| Complete 
|  49|0x00000000e3100000, 0x00000000e3200000, 0x00000000e3200000|100%|HC|  |TAMS 0x00000000e3200000, 0x00000000e3200000| Complete 
|  50|0x00000000e3200000, 0x00000000e3300000, 0x00000000e3300000|100%|HC|  |TAMS 0x00000000e3300000, 0x00000000e3300000| Complete 
|  51|0x00000000e3300000, 0x00000000e3400000, 0x00000000e3400000|100%|HC|  |TAMS 0x00000000e3400000, 0x00000000e3400000| Complete 
|  52|0x00000000e3400000, 0x00000000e3500000, 0x00000000e3500000|100%|HC|  |TAMS 0x00000000e3500000, 0x00000000e3500000| Complete 
|  53|0x00000000e3500000, 0x00000000e3600000, 0x00000000e3600000|100%|HC|  |TAMS 0x00000000e3600000, 0x00000000e3600000| Complete 
|  54|0x00000000e3600000, 0x00000000e3700000, 0x00000000e3700000|100%|HC|  |TAMS 0x00000000e3700000, 0x00000000e3700000| Complete 
|  55|0x00000000e3700000, 0x00000000e3800000, 0x00000000e3800000|100%|HC|  |TAMS 0x00000000e3800000, 0x00000000e3800000| Complete 
|  56|0x00000000e3800000, 0x00000000e3900000, 0x00000000e3900000|100%|HC|  |TAMS 0x00000000e3900000, 0x00000000e3900000| Complete 
|  57|0x00000000e3900000, 0x00000000e3a00000, 0x00000000e3a00000|100%|HS|  |TAMS 0x00000000e3a00000, 0x00000000e3a00000| Complete 
|  58|0x00000000e3a00000, 0x00000000e3b00000, 0x00000000e3b00000|100%|HC|  |TAMS 0x00000000e3b00000, 0x00000000e3b00000| Complete 
|  59|0x00000000e3b00000, 0x00000000e3c00000, 0x00000000e3c00000|100%|HS|  |TAMS 0x00000000e3c00000, 0x00000000e3c00000| Complete 
|  60|0x00000000e3c00000, 0x00000000e3d00000, 0x00000000e3d00000|100%|HC|  |TAMS 0x00000000e3d00000, 0x00000000e3d00000| Complete 
|  61|0x00000000e3d00000, 0x00000000e3e00000, 0x00000000e3e00000|100%|HS|  |TAMS 0x00000000e3e00000, 0x00000000e3e00000| Complete 
|  62|0x00000000e3e00000, 0x00000000e3f00000, 0x00000000e3f00000|100%|HC|  |TAMS 0x00000000e3f00000, 0x00000000e3f00000| Complete 
|  63|0x00000000e3f00000, 0x00000000e4000000, 0x00000000e4000000|100%|HC|  |TAMS 0x00000000e4000000, 0x00000000e4000000| Complete 
|  64|0x00000000e4000000, 0x00000000e4100000, 0x00000000e4100000|100%|HS|  |TAMS 0x00000000e4100000, 0x00000000e4100000| Complete 
|  65|0x00000000e4100000, 0x00000000e4200000, 0x00000000e4200000|100%|HC|  |TAMS 0x00000000e4200000, 0x00000000e4200000| Complete 
|  66|0x00000000e4200000, 0x00000000e4300000, 0x00000000e4300000|100%|HC|  |TAMS 0x00000000e4300000, 0x00000000e4300000| Complete 
|  67|0x00000000e4300000, 0x00000000e4400000, 0x00000000e4400000|100%|HS|  |TAMS 0x00000000e4300000, 0x00000000e4400000| Complete 
|  68|0x00000000e4400000, 0x00000000e4500000, 0x00000000e4500000|100%|HC|  |TAMS 0x00000000e4400000, 0x00000000e4500000| Complete 
|  69|0x00000000e4500000, 0x00000000e4600000, 0x00000000e4600000|100%|HC|  |TAMS 0x00000000e4500000, 0x00000000e4600000| Complete 
|  70|0x00000000e4600000, 0x00000000e4700000, 0x00000000e4700000|100%|HC|  |TAMS 0x00000000e4600000, 0x00000000e4700000| Complete 
|  71|0x00000000e4700000, 0x00000000e4800000, 0x00000000e4800000|100%|HC|  |TAMS 0x00000000e4700000, 0x00000000e4800000| Complete 
|  72|0x00000000e4800000, 0x00000000e4900000, 0x00000000e4900000|100%|HC|  |TAMS 0x00000000e4800000, 0x00000000e4900000| Complete 
|  73|0x00000000e4900000, 0x00000000e4a00000, 0x00000000e4a00000|100%|HS|  |TAMS 0x00000000e4900000, 0x00000000e4a00000| Complete 
|  74|0x00000000e4a00000, 0x00000000e4b00000, 0x00000000e4b00000|100%|HC|  |TAMS 0x00000000e4a00000, 0x00000000e4b00000| Complete 
|  75|0x00000000e4b00000, 0x00000000e4c00000, 0x00000000e4c00000|100%|HC|  |TAMS 0x00000000e4b00000, 0x00000000e4c00000| Complete 
|  76|0x00000000e4c00000, 0x00000000e4d00000, 0x00000000e4d00000|100%| O|  |TAMS 0x00000000e4c00000, 0x00000000e4d00000| Untracked 
|  77|0x00000000e4d00000, 0x00000000e4e00000, 0x00000000e4e00000|100%| O|  |TAMS 0x00000000e4d00000, 0x00000000e4e00000| Untracked 
|  78|0x00000000e4e00000, 0x00000000e4f00000, 0x00000000e4f00000|100%| O|  |TAMS 0x00000000e4e00000, 0x00000000e4f00000| Untracked 
|  79|0x00000000e4f00000, 0x00000000e5000000, 0x00000000e5000000|100%| O|  |TAMS 0x00000000e4f00000, 0x00000000e5000000| Untracked 
|  80|0x00000000e5000000, 0x00000000e5100000, 0x00000000e5100000|100%| O|  |TAMS 0x00000000e5000000, 0x00000000e5100000| Untracked 
|  81|0x00000000e5100000, 0x00000000e5200000, 0x00000000e5200000|100%| O|  |TAMS 0x00000000e5100000, 0x00000000e5200000| Untracked 
|  82|0x00000000e5200000, 0x00000000e5300000, 0x00000000e5300000|100%| O|  |TAMS 0x00000000e5200000, 0x00000000e5300000| Untracked 
|  83|0x00000000e5300000, 0x00000000e5400000, 0x00000000e5400000|100%| O|  |TAMS 0x00000000e5300000, 0x00000000e5400000| Untracked 
|  84|0x00000000e5400000, 0x00000000e5500000, 0x00000000e5500000|100%| O|  |TAMS 0x00000000e5400000, 0x00000000e5500000| Untracked 
|  85|0x00000000e5500000, 0x00000000e5600000, 0x00000000e5600000|100%| O|  |TAMS 0x00000000e5500000, 0x00000000e5600000| Untracked 
|  86|0x00000000e5600000, 0x00000000e5700000, 0x00000000e5700000|100%| O|  |TAMS 0x00000000e5600000, 0x00000000e5700000| Untracked 
|  87|0x00000000e5700000, 0x00000000e5800000, 0x00000000e5800000|100%| O|  |TAMS 0x00000000e5700000, 0x00000000e5800000| Untracked 
|  88|0x00000000e5800000, 0x00000000e5900000, 0x00000000e5900000|100%| O|  |TAMS 0x00000000e5800000, 0x00000000e5900000| Untracked 
|  89|0x00000000e5900000, 0x00000000e5a00000, 0x00000000e5a00000|100%| O|  |TAMS 0x00000000e5900000, 0x00000000e5a00000| Untracked 
|  90|0x00000000e5a00000, 0x00000000e5b00000, 0x00000000e5b00000|100%| O|  |TAMS 0x00000000e5a00000, 0x00000000e5b00000| Untracked 
|  91|0x00000000e5b00000, 0x00000000e5c00000, 0x00000000e5c00000|100%| O|  |TAMS 0x00000000e5b00000, 0x00000000e5c00000| Untracked 
|  92|0x00000000e5c00000, 0x00000000e5d00000, 0x00000000e5d00000|100%| O|  |TAMS 0x00000000e5c00000, 0x00000000e5d00000| Untracked 
|  93|0x00000000e5d00000, 0x00000000e5e00000, 0x00000000e5e00000|100%| O|  |TAMS 0x00000000e5d00000, 0x00000000e5e00000| Untracked 
|  94|0x00000000e5e00000, 0x00000000e5f00000, 0x00000000e5f00000|100%| O|  |TAMS 0x00000000e5e00000, 0x00000000e5f00000| Untracked 
|  95|0x00000000e5f00000, 0x00000000e6000000, 0x00000000e6000000|100%| O|  |TAMS 0x00000000e5f00000, 0x00000000e6000000| Untracked 
|  96|0x00000000e6000000, 0x00000000e6100000, 0x00000000e6100000|100%| O|  |TAMS 0x00000000e6000000, 0x00000000e6100000| Untracked 
|  97|0x00000000e6100000, 0x00000000e6200000, 0x00000000e6200000|100%| O|  |TAMS 0x00000000e6100000, 0x00000000e6200000| Untracked 
|  98|0x00000000e6200000, 0x00000000e6300000, 0x00000000e6300000|100%| O|  |TAMS 0x00000000e6200000, 0x00000000e6300000| Untracked 
|  99|0x00000000e6300000, 0x00000000e63cf400, 0x00000000e6400000| 80%| O|  |TAMS 0x00000000e6300000, 0x00000000e63cf400| Untracked 
| 100|0x00000000e6400000, 0x00000000e6500000, 0x00000000e6500000|100%|HS|  |TAMS 0x00000000e6400000, 0x00000000e6500000| Complete 
| 101|0x00000000e6500000, 0x00000000e6600000, 0x00000000e6600000|100%|HC|  |TAMS 0x00000000e6500000, 0x00000000e6600000| Complete 
| 102|0x00000000e6600000, 0x00000000e6700000, 0x00000000e6700000|100%|HS|  |TAMS 0x00000000e6600000, 0x00000000e6700000| Complete 
| 103|0x00000000e6700000, 0x00000000e6800000, 0x00000000e6800000|100%|HC|  |TAMS 0x00000000e6700000, 0x00000000e6800000| Complete 
| 104|0x00000000e6800000, 0x00000000e6900000, 0x00000000e6900000|100%|HC|  |TAMS 0x00000000e6800000, 0x00000000e6900000| Complete 
| 105|0x00000000e6900000, 0x00000000e6a00000, 0x00000000e6a00000|100%|HS|  |TAMS 0x00000000e6900000, 0x00000000e6a00000| Complete 
| 106|0x00000000e6a00000, 0x00000000e6b00000, 0x00000000e6b00000|100%|HC|  |TAMS 0x00000000e6a00000, 0x00000000e6b00000| Complete 
| 107|0x00000000e6b00000, 0x00000000e6c00000, 0x00000000e6c00000|100%|HC|  |TAMS 0x00000000e6b00000, 0x00000000e6c00000| Complete 
| 108|0x00000000e6c00000, 0x00000000e6d00000, 0x00000000e6d00000|100%|HS|  |TAMS 0x00000000e6c00000, 0x00000000e6d00000| Complete 
| 109|0x00000000e6d00000, 0x00000000e6e00000, 0x00000000e6e00000|100%|HC|  |TAMS 0x00000000e6d00000, 0x00000000e6e00000| Complete 
| 110|0x00000000e6e00000, 0x00000000e6f00000, 0x00000000e6f00000|100%|HS|  |TAMS 0x00000000e6e00000, 0x00000000e6e00000| Complete 
| 111|0x00000000e6f00000, 0x00000000e7000000, 0x00000000e7000000|100%|HC|  |TAMS 0x00000000e6f00000, 0x00000000e6f00000| Complete 
| 112|0x00000000e7000000, 0x00000000e7100000, 0x00000000e7100000|100%|HC|  |TAMS 0x00000000e7000000, 0x00000000e7000000| Complete 
| 113|0x00000000e7100000, 0x00000000e7200000, 0x00000000e7200000|100%|HC|  |TAMS 0x00000000e7100000, 0x00000000e7100000| Complete 
| 114|0x00000000e7200000, 0x00000000e7300000, 0x00000000e7300000|100%|HC|  |TAMS 0x00000000e7200000, 0x00000000e7200000| Complete 
| 115|0x00000000e7300000, 0x00000000e7400000, 0x00000000e7400000|100%|HC|  |TAMS 0x00000000e7300000, 0x00000000e7300000| Complete 
| 116|0x00000000e7400000, 0x00000000e7500000, 0x00000000e7500000|100%|HC|  |TAMS 0x00000000e7400000, 0x00000000e7400000| Complete 
| 117|0x00000000e7500000, 0x00000000e7600000, 0x00000000e7600000|100%|HC|  |TAMS 0x00000000e7500000, 0x00000000e7500000| Complete 
| 118|0x00000000e7600000, 0x00000000e7700000, 0x00000000e7700000|100%|HC|  |TAMS 0x00000000e7600000, 0x00000000e7600000| Complete 
| 119|0x00000000e7700000, 0x00000000e7800000, 0x00000000e7800000|100%|HC|  |TAMS 0x00000000e7700000, 0x00000000e7700000| Complete 
| 120|0x00000000e7800000, 0x00000000e7800000, 0x00000000e7900000|  0%| F|  |TAMS 0x00000000e7800000, 0x00000000e7800000| Untracked 
| 121|0x00000000e7900000, 0x00000000e7900000, 0x00000000e7a00000|  0%| F|  |TAMS 0x00000000e7900000, 0x00000000e7900000| Untracked 
| 122|0x00000000e7a00000, 0x00000000e7a00000, 0x00000000e7b00000|  0%| F|  |TAMS 0x00000000e7a00000, 0x00000000e7a00000| Untracked 
| 123|0x00000000e7b00000, 0x00000000e7b00000, 0x00000000e7c00000|  0%| F|  |TAMS 0x00000000e7b00000, 0x00000000e7b00000| Untracked 
| 124|0x00000000e7c00000, 0x00000000e7c00000, 0x00000000e7d00000|  0%| F|  |TAMS 0x00000000e7c00000, 0x00000000e7c00000| Untracked 
| 125|0x00000000e7d00000, 0x00000000e7d00000, 0x00000000e7e00000|  0%| F|  |TAMS 0x00000000e7d00000, 0x00000000e7d00000| Untracked 
| 126|0x00000000e7e00000, 0x00000000e7e00000, 0x00000000e7f00000|  0%| F|  |TAMS 0x00000000e7e00000, 0x00000000e7e00000| Untracked 
| 127|0x00000000e7f00000, 0x00000000e7f00000, 0x00000000e8000000|  0%| F|  |TAMS 0x00000000e7f00000, 0x00000000e7f00000| Untracked 
| 128|0x00000000e8000000, 0x00000000e8000000, 0x00000000e8100000|  0%| F|  |TAMS 0x00000000e8000000, 0x00000000e8000000| Untracked 
| 129|0x00000000e8100000, 0x00000000e8100000, 0x00000000e8200000|  0%| F|  |TAMS 0x00000000e8100000, 0x00000000e8100000| Untracked 
| 130|0x00000000e8200000, 0x00000000e8200000, 0x00000000e8300000|  0%| F|  |TAMS 0x00000000e8200000, 0x00000000e8200000| Untracked 
| 131|0x00000000e8300000, 0x00000000e8300000, 0x00000000e8400000|  0%| F|  |TAMS 0x00000000e8300000, 0x00000000e8300000| Untracked 
| 132|0x00000000e8400000, 0x00000000e8400000, 0x00000000e8500000|  0%| F|  |TAMS 0x00000000e8400000, 0x00000000e8400000| Untracked 
| 133|0x00000000e8500000, 0x00000000e8500000, 0x00000000e8600000|  0%| F|  |TAMS 0x00000000e8500000, 0x00000000e8500000| Untracked 
| 134|0x00000000e8600000, 0x00000000e8600000, 0x00000000e8700000|  0%| F|  |TAMS 0x00000000e8600000, 0x00000000e8600000| Untracked 
| 135|0x00000000e8700000, 0x00000000e8700000, 0x00000000e8800000|  0%| F|  |TAMS 0x00000000e8700000, 0x00000000e8700000| Untracked 
| 136|0x00000000e8800000, 0x00000000e8800000, 0x00000000e8900000|  0%| F|  |TAMS 0x00000000e8800000, 0x00000000e8800000| Untracked 
| 137|0x00000000e8900000, 0x00000000e8900000, 0x00000000e8a00000|  0%| F|  |TAMS 0x00000000e8900000, 0x00000000e8900000| Untracked 
| 138|0x00000000e8a00000, 0x00000000e8a00000, 0x00000000e8b00000|  0%| F|  |TAMS 0x00000000e8a00000, 0x00000000e8a00000| Untracked 
| 139|0x00000000e8b00000, 0x00000000e8b00000, 0x00000000e8c00000|  0%| F|  |TAMS 0x00000000e8b00000, 0x00000000e8b00000| Untracked 
| 140|0x00000000e8c00000, 0x00000000e8c00000, 0x00000000e8d00000|  0%| F|  |TAMS 0x00000000e8c00000, 0x00000000e8c00000| Untracked 
| 141|0x00000000e8d00000, 0x00000000e8d00000, 0x00000000e8e00000|  0%| F|  |TAMS 0x00000000e8d00000, 0x00000000e8d00000| Untracked 
| 142|0x00000000e8e00000, 0x00000000e8e00000, 0x00000000e8f00000|  0%| F|  |TAMS 0x00000000e8e00000, 0x00000000e8e00000| Untracked 
| 143|0x00000000e8f00000, 0x00000000e8f00000, 0x00000000e9000000|  0%| F|  |TAMS 0x00000000e8f00000, 0x00000000e8f00000| Untracked 
| 144|0x00000000e9000000, 0x00000000e9000000, 0x00000000e9100000|  0%| F|  |TAMS 0x00000000e9000000, 0x00000000e9000000| Untracked 
| 145|0x00000000e9100000, 0x00000000e9100000, 0x00000000e9200000|  0%| F|  |TAMS 0x00000000e9100000, 0x00000000e9100000| Untracked 
| 146|0x00000000e9200000, 0x00000000e9200000, 0x00000000e9300000|  0%| F|  |TAMS 0x00000000e9200000, 0x00000000e9200000| Untracked 
| 147|0x00000000e9300000, 0x00000000e9300000, 0x00000000e9400000|  0%| F|  |TAMS 0x00000000e9300000, 0x00000000e9300000| Untracked 
| 148|0x00000000e9400000, 0x00000000e9400000, 0x00000000e9500000|  0%| F|  |TAMS 0x00000000e9400000, 0x00000000e9400000| Untracked 
| 149|0x00000000e9500000, 0x00000000e9500000, 0x00000000e9600000|  0%| F|  |TAMS 0x00000000e9500000, 0x00000000e9500000| Untracked 
| 150|0x00000000e9600000, 0x00000000e9600000, 0x00000000e9700000|  0%| F|  |TAMS 0x00000000e9600000, 0x00000000e9600000| Untracked 
| 151|0x00000000e9700000, 0x00000000e9700000, 0x00000000e9800000|  0%| F|  |TAMS 0x00000000e9700000, 0x00000000e9700000| Untracked 
| 152|0x00000000e9800000, 0x00000000e9800000, 0x00000000e9900000|  0%| F|  |TAMS 0x00000000e9800000, 0x00000000e9800000| Untracked 
| 153|0x00000000e9900000, 0x00000000e9900000, 0x00000000e9a00000|  0%| F|  |TAMS 0x00000000e9900000, 0x00000000e9900000| Untracked 
| 154|0x00000000e9a00000, 0x00000000e9a00000, 0x00000000e9b00000|  0%| F|  |TAMS 0x00000000e9a00000, 0x00000000e9a00000| Untracked 
| 155|0x00000000e9b00000, 0x00000000e9b00000, 0x00000000e9c00000|  0%| F|  |TAMS 0x00000000e9b00000, 0x00000000e9b00000| Untracked 
| 156|0x00000000e9c00000, 0x00000000e9c00000, 0x00000000e9d00000|  0%| F|  |TAMS 0x00000000e9c00000, 0x00000000e9c00000| Untracked 
| 157|0x00000000e9d00000, 0x00000000e9d00000, 0x00000000e9e00000|  0%| F|  |TAMS 0x00000000e9d00000, 0x00000000e9d00000| Untracked 
| 158|0x00000000e9e00000, 0x00000000e9e00000, 0x00000000e9f00000|  0%| F|  |TAMS 0x00000000e9e00000, 0x00000000e9e00000| Untracked 
| 159|0x00000000e9f00000, 0x00000000e9f00000, 0x00000000ea000000|  0%| F|  |TAMS 0x00000000e9f00000, 0x00000000e9f00000| Untracked 
| 160|0x00000000ea000000, 0x00000000ea000000, 0x00000000ea100000|  0%| F|  |TAMS 0x00000000ea000000, 0x00000000ea000000| Untracked 
| 161|0x00000000ea100000, 0x00000000ea100000, 0x00000000ea200000|  0%| F|  |TAMS 0x00000000ea100000, 0x00000000ea100000| Untracked 
| 162|0x00000000ea200000, 0x00000000ea200000, 0x00000000ea300000|  0%| F|  |TAMS 0x00000000ea200000, 0x00000000ea200000| Untracked 
| 163|0x00000000ea300000, 0x00000000ea300000, 0x00000000ea400000|  0%| F|  |TAMS 0x00000000ea300000, 0x00000000ea300000| Untracked 
| 164|0x00000000ea400000, 0x00000000ea400000, 0x00000000ea500000|  0%| F|  |TAMS 0x00000000ea400000, 0x00000000ea400000| Untracked 
| 165|0x00000000ea500000, 0x00000000ea500000, 0x00000000ea600000|  0%| F|  |TAMS 0x00000000ea500000, 0x00000000ea500000| Untracked 
| 166|0x00000000ea600000, 0x00000000ea600000, 0x00000000ea700000|  0%| F|  |TAMS 0x00000000ea600000, 0x00000000ea600000| Untracked 
| 167|0x00000000ea700000, 0x00000000ea700000, 0x00000000ea800000|  0%| F|  |TAMS 0x00000000ea700000, 0x00000000ea700000| Untracked 
| 168|0x00000000ea800000, 0x00000000ea800000, 0x00000000ea900000|  0%| F|  |TAMS 0x00000000ea800000, 0x00000000ea800000| Untracked 
| 169|0x00000000ea900000, 0x00000000ea900000, 0x00000000eaa00000|  0%| F|  |TAMS 0x00000000ea900000, 0x00000000ea900000| Untracked 
| 170|0x00000000eaa00000, 0x00000000eaa00000, 0x00000000eab00000|  0%| F|  |TAMS 0x00000000eaa00000, 0x00000000eaa00000| Untracked 
| 171|0x00000000eab00000, 0x00000000eab00000, 0x00000000eac00000|  0%| F|  |TAMS 0x00000000eab00000, 0x00000000eab00000| Untracked 
| 172|0x00000000eac00000, 0x00000000eac00000, 0x00000000ead00000|  0%| F|  |TAMS 0x00000000eac00000, 0x00000000eac00000| Untracked 
| 173|0x00000000ead00000, 0x00000000ead00000, 0x00000000eae00000|  0%| F|  |TAMS 0x00000000ead00000, 0x00000000ead00000| Untracked 
| 174|0x00000000eae00000, 0x00000000eae00000, 0x00000000eaf00000|  0%| F|  |TAMS 0x00000000eae00000, 0x00000000eae00000| Untracked 
| 175|0x00000000eaf00000, 0x00000000eaf00000, 0x00000000eb000000|  0%| F|  |TAMS 0x00000000eaf00000, 0x00000000eaf00000| Untracked 
| 176|0x00000000eb000000, 0x00000000eb000000, 0x00000000eb100000|  0%| F|  |TAMS 0x00000000eb000000, 0x00000000eb000000| Untracked 
| 177|0x00000000eb100000, 0x00000000eb100000, 0x00000000eb200000|  0%| F|  |TAMS 0x00000000eb100000, 0x00000000eb100000| Untracked 
| 178|0x00000000eb200000, 0x00000000eb200000, 0x00000000eb300000|  0%| F|  |TAMS 0x00000000eb200000, 0x00000000eb200000| Untracked 
| 179|0x00000000eb300000, 0x00000000eb300000, 0x00000000eb400000|  0%| F|  |TAMS 0x00000000eb300000, 0x00000000eb300000| Untracked 
| 180|0x00000000eb400000, 0x00000000eb400000, 0x00000000eb500000|  0%| F|  |TAMS 0x00000000eb400000, 0x00000000eb400000| Untracked 
| 181|0x00000000eb500000, 0x00000000eb500000, 0x00000000eb600000|  0%| F|  |TAMS 0x00000000eb500000, 0x00000000eb500000| Untracked 
| 182|0x00000000eb600000, 0x00000000eb600000, 0x00000000eb700000|  0%| F|  |TAMS 0x00000000eb600000, 0x00000000eb600000| Untracked 
| 183|0x00000000eb700000, 0x00000000eb700000, 0x00000000eb800000|  0%| F|  |TAMS 0x00000000eb700000, 0x00000000eb700000| Untracked 
| 184|0x00000000eb800000, 0x00000000eb800000, 0x00000000eb900000|  0%| F|  |TAMS 0x00000000eb800000, 0x00000000eb800000| Untracked 
| 185|0x00000000eb900000, 0x00000000eb900000, 0x00000000eba00000|  0%| F|  |TAMS 0x00000000eb900000, 0x00000000eb900000| Untracked 
| 186|0x00000000eba00000, 0x00000000eba00000, 0x00000000ebb00000|  0%| F|  |TAMS 0x00000000eba00000, 0x00000000eba00000| Untracked 
| 187|0x00000000ebb00000, 0x00000000ebb00000, 0x00000000ebc00000|  0%| F|  |TAMS 0x00000000ebb00000, 0x00000000ebb00000| Untracked 
| 188|0x00000000ebc00000, 0x00000000ebc00000, 0x00000000ebd00000|  0%| F|  |TAMS 0x00000000ebc00000, 0x00000000ebc00000| Untracked 
| 189|0x00000000ebd00000, 0x00000000ebd00000, 0x00000000ebe00000|  0%| F|  |TAMS 0x00000000ebd00000, 0x00000000ebd00000| Untracked 
| 190|0x00000000ebe00000, 0x00000000ebe00000, 0x00000000ebf00000|  0%| F|  |TAMS 0x00000000ebe00000, 0x00000000ebe00000| Untracked 
| 191|0x00000000ebf00000, 0x00000000ebf00000, 0x00000000ec000000|  0%| F|  |TAMS 0x00000000ebf00000, 0x00000000ebf00000| Untracked 
| 192|0x00000000ec000000, 0x00000000ec000000, 0x00000000ec100000|  0%| F|  |TAMS 0x00000000ec000000, 0x00000000ec000000| Untracked 
| 193|0x00000000ec100000, 0x00000000ec100000, 0x00000000ec200000|  0%| F|  |TAMS 0x00000000ec100000, 0x00000000ec100000| Untracked 
| 194|0x00000000ec200000, 0x00000000ec200000, 0x00000000ec300000|  0%| F|  |TAMS 0x00000000ec200000, 0x00000000ec200000| Untracked 
| 195|0x00000000ec300000, 0x00000000ec300000, 0x00000000ec400000|  0%| F|  |TAMS 0x00000000ec300000, 0x00000000ec300000| Untracked 
| 196|0x00000000ec400000, 0x00000000ec400000, 0x00000000ec500000|  0%| F|  |TAMS 0x00000000ec400000, 0x00000000ec400000| Untracked 
| 197|0x00000000ec500000, 0x00000000ec500000, 0x00000000ec600000|  0%| F|  |TAMS 0x00000000ec500000, 0x00000000ec500000| Untracked 
| 198|0x00000000ec600000, 0x00000000ec600000, 0x00000000ec700000|  0%| F|  |TAMS 0x00000000ec600000, 0x00000000ec600000| Untracked 
| 199|0x00000000ec700000, 0x00000000ec700000, 0x00000000ec800000|  0%| F|  |TAMS 0x00000000ec700000, 0x00000000ec700000| Untracked 
| 200|0x00000000ec800000, 0x00000000ec800000, 0x00000000ec900000|  0%| F|  |TAMS 0x00000000ec800000, 0x00000000ec800000| Untracked 
| 201|0x00000000ec900000, 0x00000000ec900000, 0x00000000eca00000|  0%| F|  |TAMS 0x00000000ec900000, 0x00000000ec900000| Untracked 
| 202|0x00000000eca00000, 0x00000000eca00000, 0x00000000ecb00000|  0%| F|  |TAMS 0x00000000eca00000, 0x00000000eca00000| Untracked 
| 203|0x00000000ecb00000, 0x00000000ecb00000, 0x00000000ecc00000|  0%| F|  |TAMS 0x00000000ecb00000, 0x00000000ecb00000| Untracked 
| 204|0x00000000ecc00000, 0x00000000ecc00000, 0x00000000ecd00000|  0%| F|  |TAMS 0x00000000ecc00000, 0x00000000ecc00000| Untracked 
| 205|0x00000000ecd00000, 0x00000000ecd00000, 0x00000000ece00000|  0%| F|  |TAMS 0x00000000ecd00000, 0x00000000ecd00000| Untracked 
| 206|0x00000000ece00000, 0x00000000ece00000, 0x00000000ecf00000|  0%| F|  |TAMS 0x00000000ece00000, 0x00000000ece00000| Untracked 
| 207|0x00000000ecf00000, 0x00000000ecf00000, 0x00000000ed000000|  0%| F|  |TAMS 0x00000000ecf00000, 0x00000000ecf00000| Untracked 
| 208|0x00000000ed000000, 0x00000000ed000000, 0x00000000ed100000|  0%| F|  |TAMS 0x00000000ed000000, 0x00000000ed000000| Untracked 
| 209|0x00000000ed100000, 0x00000000ed100000, 0x00000000ed200000|  0%| F|  |TAMS 0x00000000ed100000, 0x00000000ed100000| Untracked 
| 210|0x00000000ed200000, 0x00000000ed200000, 0x00000000ed300000|  0%| F|  |TAMS 0x00000000ed200000, 0x00000000ed200000| Untracked 
| 211|0x00000000ed300000, 0x00000000ed300000, 0x00000000ed400000|  0%| F|  |TAMS 0x00000000ed300000, 0x00000000ed300000| Untracked 
| 212|0x00000000ed400000, 0x00000000ed400000, 0x00000000ed500000|  0%| F|  |TAMS 0x00000000ed400000, 0x00000000ed400000| Untracked 
| 213|0x00000000ed500000, 0x00000000ed500000, 0x00000000ed600000|  0%| F|  |TAMS 0x00000000ed500000, 0x00000000ed500000| Untracked 
| 214|0x00000000ed600000, 0x00000000ed600000, 0x00000000ed700000|  0%| F|  |TAMS 0x00000000ed600000, 0x00000000ed600000| Untracked 
| 215|0x00000000ed700000, 0x00000000ed700000, 0x00000000ed800000|  0%| F|  |TAMS 0x00000000ed700000, 0x00000000ed700000| Untracked 
| 216|0x00000000ed800000, 0x00000000ed800000, 0x00000000ed900000|  0%| F|  |TAMS 0x00000000ed800000, 0x00000000ed800000| Untracked 
| 217|0x00000000ed900000, 0x00000000ed900000, 0x00000000eda00000|  0%| F|  |TAMS 0x00000000ed900000, 0x00000000ed900000| Untracked 
| 218|0x00000000eda00000, 0x00000000eda00000, 0x00000000edb00000|  0%| F|  |TAMS 0x00000000eda00000, 0x00000000eda00000| Untracked 
| 219|0x00000000edb00000, 0x00000000edb00000, 0x00000000edc00000|  0%| F|  |TAMS 0x00000000edb00000, 0x00000000edb00000| Untracked 
| 220|0x00000000edc00000, 0x00000000edc00000, 0x00000000edd00000|  0%| F|  |TAMS 0x00000000edc00000, 0x00000000edc00000| Untracked 
| 221|0x00000000edd00000, 0x00000000edd00000, 0x00000000ede00000|  0%| F|  |TAMS 0x00000000edd00000, 0x00000000edd00000| Untracked 
| 222|0x00000000ede00000, 0x00000000ede00000, 0x00000000edf00000|  0%| F|  |TAMS 0x00000000ede00000, 0x00000000ede00000| Untracked 
| 223|0x00000000edf00000, 0x00000000edf00000, 0x00000000ee000000|  0%| F|  |TAMS 0x00000000edf00000, 0x00000000edf00000| Untracked 
| 224|0x00000000ee000000, 0x00000000ee000000, 0x00000000ee100000|  0%| F|  |TAMS 0x00000000ee000000, 0x00000000ee000000| Untracked 
| 225|0x00000000ee100000, 0x00000000ee100000, 0x00000000ee200000|  0%| F|  |TAMS 0x00000000ee100000, 0x00000000ee100000| Untracked 
| 226|0x00000000ee200000, 0x00000000ee200000, 0x00000000ee300000|  0%| F|  |TAMS 0x00000000ee200000, 0x00000000ee200000| Untracked 
| 227|0x00000000ee300000, 0x00000000ee300000, 0x00000000ee400000|  0%| F|  |TAMS 0x00000000ee300000, 0x00000000ee300000| Untracked 
| 228|0x00000000ee400000, 0x00000000ee400000, 0x00000000ee500000|  0%| F|  |TAMS 0x00000000ee400000, 0x00000000ee400000| Untracked 
| 229|0x00000000ee500000, 0x00000000ee500000, 0x00000000ee600000|  0%| F|  |TAMS 0x00000000ee500000, 0x00000000ee500000| Untracked 
| 230|0x00000000ee600000, 0x00000000ee600000, 0x00000000ee700000|  0%| F|  |TAMS 0x00000000ee600000, 0x00000000ee600000| Untracked 
| 231|0x00000000ee700000, 0x00000000ee700000, 0x00000000ee800000|  0%| F|  |TAMS 0x00000000ee700000, 0x00000000ee700000| Untracked 
| 232|0x00000000ee800000, 0x00000000ee800000, 0x00000000ee900000|  0%| F|  |TAMS 0x00000000ee800000, 0x00000000ee800000| Untracked 
| 233|0x00000000ee900000, 0x00000000ee900000, 0x00000000eea00000|  0%| F|  |TAMS 0x00000000ee900000, 0x00000000ee900000| Untracked 
| 234|0x00000000eea00000, 0x00000000eea00000, 0x00000000eeb00000|  0%| F|  |TAMS 0x00000000eea00000, 0x00000000eea00000| Untracked 
| 235|0x00000000eeb00000, 0x00000000eeb00000, 0x00000000eec00000|  0%| F|  |TAMS 0x00000000eeb00000, 0x00000000eeb00000| Untracked 
| 236|0x00000000eec00000, 0x00000000eec00000, 0x00000000eed00000|  0%| F|  |TAMS 0x00000000eec00000, 0x00000000eec00000| Untracked 
| 237|0x00000000eed00000, 0x00000000eed00000, 0x00000000eee00000|  0%| F|  |TAMS 0x00000000eed00000, 0x00000000eed00000| Untracked 
| 238|0x00000000eee00000, 0x00000000eee99cc8, 0x00000000eef00000| 60%| S|CS|TAMS 0x00000000eee00000, 0x00000000eee00000| Complete 
| 239|0x00000000eef00000, 0x00000000ef000000, 0x00000000ef000000|100%| S|CS|TAMS 0x00000000eef00000, 0x00000000eef00000| Complete 
| 240|0x00000000ef000000, 0x00000000ef100000, 0x00000000ef100000|100%| S|CS|TAMS 0x00000000ef000000, 0x00000000ef000000| Complete 
| 241|0x00000000ef100000, 0x00000000ef200000, 0x00000000ef200000|100%| S|CS|TAMS 0x00000000ef100000, 0x00000000ef100000| Complete 
| 242|0x00000000ef200000, 0x00000000ef200000, 0x00000000ef300000|  0%| F|  |TAMS 0x00000000ef200000, 0x00000000ef200000| Untracked 
| 243|0x00000000ef300000, 0x00000000ef300000, 0x00000000ef400000|  0%| F|  |TAMS 0x00000000ef300000, 0x00000000ef300000| Untracked 
| 244|0x00000000ef400000, 0x00000000ef400000, 0x00000000ef500000|  0%| F|  |TAMS 0x00000000ef400000, 0x00000000ef400000| Untracked 
| 245|0x00000000ef500000, 0x00000000ef500000, 0x00000000ef600000|  0%| F|  |TAMS 0x00000000ef500000, 0x00000000ef500000| Untracked 
| 246|0x00000000ef600000, 0x00000000ef600000, 0x00000000ef700000|  0%| F|  |TAMS 0x00000000ef600000, 0x00000000ef600000| Untracked 
| 247|0x00000000ef700000, 0x00000000ef700000, 0x00000000ef800000|  0%| F|  |TAMS 0x00000000ef700000, 0x00000000ef700000| Untracked 
| 248|0x00000000ef800000, 0x00000000ef800000, 0x00000000ef900000|  0%| F|  |TAMS 0x00000000ef800000, 0x00000000ef800000| Untracked 
| 249|0x00000000ef900000, 0x00000000ef900000, 0x00000000efa00000|  0%| F|  |TAMS 0x00000000ef900000, 0x00000000ef900000| Untracked 
| 250|0x00000000efa00000, 0x00000000efa00000, 0x00000000efb00000|  0%| F|  |TAMS 0x00000000efa00000, 0x00000000efa00000| Untracked 
| 251|0x00000000efb00000, 0x00000000efb00000, 0x00000000efc00000|  0%| F|  |TAMS 0x00000000efb00000, 0x00000000efb00000| Untracked 
| 252|0x00000000efc00000, 0x00000000efc00000, 0x00000000efd00000|  0%| F|  |TAMS 0x00000000efc00000, 0x00000000efc00000| Untracked 
| 253|0x00000000efd00000, 0x00000000efd00000, 0x00000000efe00000|  0%| F|  |TAMS 0x00000000efd00000, 0x00000000efd00000| Untracked 
| 254|0x00000000efe00000, 0x00000000efe00000, 0x00000000eff00000|  0%| F|  |TAMS 0x00000000efe00000, 0x00000000efe00000| Untracked 
| 255|0x00000000eff00000, 0x00000000eff2fdb8, 0x00000000f0000000| 18%| E|  |TAMS 0x00000000eff00000, 0x00000000eff00000| Complete 

Card table byte_map: [0x000001be43730000,0x000001be43830000] _byte_map_base: 0x000001be43030000

Marking Bits (Prev, Next): (CMBitMap*) 0x000001be2c812aa0, (CMBitMap*) 0x000001be2c812ae0
 Prev Bits: [0x000001be43930000, 0x000001be44130000)
 Next Bits: [0x000001be44130000, 0x000001be44930000)

Polling page: 0x000001be2a6d0000

Metaspace:

Usage:
  Non-class:     42.79 MB used.
      Class:      6.68 MB used.
       Both:     49.47 MB used.

Virtual space:
  Non-class space:       64.00 MB reserved,      43.56 MB ( 68%) committed,  1 nodes.
      Class space:      208.00 MB reserved,       7.44 MB (  4%) committed,  1 nodes.
             Both:      272.00 MB reserved,      51.00 MB ( 19%) committed. 

Chunk freelists:
   Non-Class:  496.00 KB
       Class:  464.00 KB
        Both:  960.00 KB

MaxMetaspaceSize: 256.00 MB
CompressedClassSpaceSize: 208.00 MB
Initial GC threshold: 21.00 MB
Current GC threshold: 60.00 MB
CDS: on
MetaspaceReclaimPolicy: balanced
 - commit_granule_bytes: 65536.
 - commit_granule_words: 8192.
 - virtual_space_node_default_size: 8388608.
 - enlarge_chunks_in_place: 1.
 - new_chunks_are_fully_committed: 0.
 - uncommit_free_chunks: 1.
 - use_allocation_guard: 0.


Internal statistics:

num_allocs_failed_limit: 12.
num_arena_births: 2556.
num_arena_deaths: 0.
num_vsnodes_births: 2.
num_vsnodes_deaths: 0.
num_space_committed: 816.
num_space_uncommitted: 0.
num_chunks_returned_to_freelist: 12.
num_chunks_taken_from_freelist: 4910.
num_chunk_merges: 9.
num_chunk_splits: 3154.
num_chunks_enlarged: 1886.
num_inconsistent_stats: 0.

CodeHeap 'non-profiled nmethods': size=120000Kb used=2492Kb max_used=3002Kb free=117507Kb
 bounds [0x000001be3c200000, 0x000001be3c4f0000, 0x000001be43730000]
CodeHeap 'profiled nmethods': size=120000Kb used=9194Kb max_used=10774Kb free=110806Kb
 bounds [0x000001be34730000, 0x000001be351c0000, 0x000001be3bc60000]
CodeHeap 'non-nmethods': size=5760Kb used=2407Kb max_used=2451Kb free=3352Kb
 bounds [0x000001be3bc60000, 0x000001be3bed0000, 0x000001be3c200000]
 total_blobs=5575 nmethods=4735 adapters=750
 compilation: enabled
              stopped_count=0, restarted_count=0
 full_count=0

Compilation events (20 events):
Event: 11.443 Thread 0x000001be4b142af0 nmethod 5550 0x000001be3c334310 code [0x000001be3c3344a0, 0x000001be3c334558]
Event: 11.446 Thread 0x000001be4b142af0 5551       3       groovyjarjarasm.asm.Frame::pop (53 bytes)
Event: 11.447 Thread 0x000001be4b142af0 nmethod 5551 0x000001be34ce3b10 code [0x000001be34ce3d60, 0x000001be34ce44f8]
Event: 11.447 Thread 0x000001be4b142af0 5552       3       groovyjarjarasm.asm.Frame::merge (395 bytes)
Event: 11.448 Thread 0x000001be4ea16480 nmethod 5527 0x000001be3c255690 code [0x000001be3c255a60, 0x000001be3c2571f8]
Event: 11.448 Thread 0x000001be4ea16480 5540   !   4       java.security.AccessController::doPrivileged (26 bytes)
Event: 11.449 Thread 0x000001be4b142af0 nmethod 5552 0x000001be349e8310 code [0x000001be349e85c0, 0x000001be349e9438]
Event: 11.449 Thread 0x000001be4b142af0 5553       2       java.lang.ClassLoader::findBootstrapClassOrNull (14 bytes)
Event: 11.449 Thread 0x000001be4b142af0 nmethod 5553 0x000001be34c59810 code [0x000001be34c599c0, 0x000001be34c59b18]
Event: 11.450 Thread 0x000001be4b142af0 5555       2       java.util.zip.CRC32::getValue (10 bytes)
Event: 11.451 Thread 0x000001be4b142af0 nmethod 5555 0x000001be3492b410 code [0x000001be3492b5a0, 0x000001be3492b6b8]
Event: 11.451 Thread 0x000001be4b142af0 5556       2       java.util.zip.CRC32::<init> (5 bytes)
Event: 11.451 Thread 0x000001be4b142af0 nmethod 5556 0x000001be348cfa10 code [0x000001be348cfba0, 0x000001be348cfc98]
Event: 11.454 Thread 0x000001be4b142af0 5557       3       java.lang.invoke.LambdaForm$MH/0x0000000801140800::invoke (64 bytes)
Event: 11.455 Thread 0x000001be4b142af0 nmethod 5557 0x000001be34979910 code [0x000001be34979bc0, 0x000001be3497aa48]
Event: 11.487 Thread 0x000001be4b142af0 5558       3       java.util.Collections$UnmodifiableCollection::contains (11 bytes)
Event: 11.487 Thread 0x000001be4b142af0 nmethod 5558 0x000001be34a19c10 code [0x000001be34a19dc0, 0x000001be34a19f88]
Event: 11.507 Thread 0x000001be4b142af0 5560   !   3       java.util.zip.ZipFile::close (44 bytes)
Event: 11.508 Thread 0x000001be4b142af0 nmethod 5560 0x000001be34d68610 code [0x000001be34d68820, 0x000001be34d68ef8]
Event: 11.608 Thread 0x000001be4b142af0 5561       3       sun.nio.fs.WindowsFileSystemProvider::readAttributes (63 bytes)

GC Heap History (14 events):
Event: 0.564 GC heap before
{Heap before GC invocations=0 (full 0):
 garbage-first heap   total 262144K, used 18432K [0x00000000e0000000, 0x0000000100000000)
  region size 1024K, 13 young (13312K), 0 survivors (0K)
 Metaspace       used 1788K, committed 1984K, reserved 278528K
  class space    used 192K, committed 320K, reserved 212992K
}
Event: 0.568 GC heap after
{Heap after GC invocations=1 (full 0):
 garbage-first heap   total 262144K, used 7920K [0x00000000e0000000, 0x0000000100000000)
  region size 1024K, 2 young (2048K), 2 survivors (2048K)
 Metaspace       used 1788K, committed 1984K, reserved 278528K
  class space    used 192K, committed 320K, reserved 212992K
}
Event: 1.057 GC heap before
{Heap before GC invocations=1 (full 0):
 garbage-first heap   total 262144K, used 22256K [0x00000000e0000000, 0x0000000100000000)
  region size 1024K, 16 young (16384K), 2 survivors (2048K)
 Metaspace       used 3630K, committed 3840K, reserved 278528K
  class space    used 442K, committed 576K, reserved 212992K
}
Event: 1.061 GC heap after
{Heap after GC invocations=2 (full 0):
 garbage-first heap   total 262144K, used 8363K [0x00000000e0000000, 0x0000000100000000)
  region size 1024K, 1 young (1024K), 1 survivors (1024K)
 Metaspace       used 3630K, committed 3840K, reserved 278528K
  class space    used 442K, committed 576K, reserved 212992K
}
Event: 2.652 GC heap before
{Heap before GC invocations=2 (full 0):
 garbage-first heap   total 262144K, used 61611K [0x00000000e0000000, 0x0000000100000000)
  region size 1024K, 53 young (54272K), 1 survivors (1024K)
 Metaspace       used 12602K, committed 12928K, reserved 278528K
  class space    used 1698K, committed 1856K, reserved 212992K
}
Event: 2.662 GC heap after
{Heap after GC invocations=3 (full 0):
 garbage-first heap   total 262144K, used 16802K [0x00000000e0000000, 0x0000000100000000)
  region size 1024K, 7 young (7168K), 7 survivors (7168K)
 Metaspace       used 12602K, committed 12928K, reserved 278528K
  class space    used 1698K, committed 1856K, reserved 212992K
}
Event: 4.243 GC heap before
{Heap before GC invocations=3 (full 0):
 garbage-first heap   total 262144K, used 99746K [0x00000000e0000000, 0x0000000100000000)
  region size 1024K, 63 young (64512K), 7 survivors (7168K)
 Metaspace       used 20783K, committed 21504K, reserved 278528K
  class space    used 3002K, committed 3392K, reserved 212992K
}
Event: 4.261 GC heap after
{Heap after GC invocations=4 (full 0):
 garbage-first heap   total 262144K, used 51757K [0x00000000e0000000, 0x0000000100000000)
  region size 1024K, 7 young (7168K), 7 survivors (7168K)
 Metaspace       used 20783K, committed 21504K, reserved 278528K
  class space    used 3002K, committed 3392K, reserved 212992K
}
Event: 6.745 GC heap before
{Heap before GC invocations=5 (full 0):
 garbage-first heap   total 262144K, used 161325K [0x00000000e0000000, 0x0000000100000000)
  region size 1024K, 93 young (95232K), 7 survivors (7168K)
 Metaspace       used 34851K, committed 36096K, reserved 278528K
  class space    used 4729K, committed 5376K, reserved 212992K
}
Event: 6.766 GC heap after
{Heap after GC invocations=6 (full 0):
 garbage-first heap   total 262144K, used 81552K [0x00000000e0000000, 0x0000000100000000)
  region size 1024K, 16 young (16384K), 16 survivors (16384K)
 Metaspace       used 34851K, committed 36096K, reserved 278528K
  class space    used 4729K, committed 5376K, reserved 212992K
}
Event: 11.260 GC heap before
{Heap before GC invocations=7 (full 0):
 garbage-first heap   total 262144K, used 203408K [0x00000000e0000000, 0x0000000100000000)
  region size 1024K, 125 young (128000K), 16 survivors (16384K)
 Metaspace       used 49197K, committed 50688K, reserved 278528K
  class space    used 6629K, committed 7424K, reserved 212992K
}
Event: 11.292 GC heap after
{Heap after GC invocations=8 (full 0):
 garbage-first heap   total 262144K, used 101445K [0x00000000e0000000, 0x0000000100000000)
  region size 1024K, 10 young (10240K), 10 survivors (10240K)
 Metaspace       used 49197K, committed 50688K, reserved 278528K
  class space    used 6629K, committed 7424K, reserved 212992K
}
Event: 11.317 GC heap before
{Heap before GC invocations=8 (full 0):
 garbage-first heap   total 262144K, used 103493K [0x00000000e0000000, 0x0000000100000000)
  region size 1024K, 12 young (12288K), 10 survivors (10240K)
 Metaspace       used 49256K, committed 50752K, reserved 278528K
  class space    used 6634K, committed 7424K, reserved 212992K
}
Event: 11.329 GC heap after
{Heap after GC invocations=9 (full 0):
 garbage-first heap   total 262144K, used 102648K [0x00000000e0000000, 0x0000000100000000)
  region size 1024K, 2 young (2048K), 2 survivors (2048K)
 Metaspace       used 49256K, committed 50752K, reserved 278528K
  class space    used 6634K, committed 7424K, reserved 212992K
}

Dll operation events (13 events):
Event: 0.034 Loaded shared library C:\Users\USER\.jdks\openjdk-19\bin\java.dll
Event: 0.043 Loaded shared library C:\Users\USER\.jdks\openjdk-19\bin\jsvml.dll
Event: 0.092 Loaded shared library C:\Users\USER\.jdks\openjdk-19\bin\net.dll
Event: 0.093 Loaded shared library C:\Users\USER\.jdks\openjdk-19\bin\nio.dll
Event: 0.098 Loaded shared library C:\Users\USER\.jdks\openjdk-19\bin\zip.dll
Event: 0.387 Loaded shared library C:\Users\USER\.jdks\openjdk-19\bin\jimage.dll
Event: 0.445 Loaded shared library C:\Users\USER\.jdks\openjdk-19\bin\verify.dll
Event: 0.586 Loaded shared library C:\Users\USER\.gradle\native\9f2fa17c089eee584f3420100432f77ec4c098959e4bf121a4d6054c26537dfb\windows-amd64\native-platform.dll
Event: 1.628 Loaded shared library C:\Users\USER\.jdks\openjdk-19\bin\management.dll
Event: 1.631 Loaded shared library C:\Users\USER\.jdks\openjdk-19\bin\management_ext.dll
Event: 1.872 Loaded shared library C:\Users\USER\.jdks\openjdk-19\bin\extnet.dll
Event: 2.157 Loaded shared library C:\Users\USER\.jdks\openjdk-19\bin\sunmscapi.dll
Event: 2.756 Loaded shared library C:\Users\USER\.gradle\native\9f2fa17c089eee584f3420100432f77ec4c098959e4bf121a4d6054c26537dfb\windows-amd64\native-platform-file-events.dll

Deoptimization events (20 events):
Event: 10.803 Thread 0x000001be4c97cd60 Uncommon trap: trap_request=0xffffffde fr.pc=0x000001be3c3c05f4 relative=0x0000000000000734
Event: 10.803 Thread 0x000001be4c97cd60 Uncommon trap: reason=class_check action=maybe_recompile pc=0x000001be3c3c05f4 method=jdk.internal.loader.URLClassPath.getLoader(I)Ljdk/internal/loader/URLClassPath$Loader; @ 190 c2
Event: 10.803 Thread 0x000001be4c97cd60 DEOPT PACKING pc=0x000001be3c3c05f4 sp=0x000000a0ccdf95d0
Event: 10.803 Thread 0x000001be4c97cd60 DEOPT UNPACKING pc=0x000001be3bcc6da3 sp=0x000000a0ccdf9580 mode 2
Event: 10.803 Thread 0x000001be4c97cd60 Uncommon trap: trap_request=0xffffffde fr.pc=0x000001be3c3b3240 relative=0x00000000000044a0
Event: 10.803 Thread 0x000001be4c97cd60 Uncommon trap: reason=class_check action=maybe_recompile pc=0x000001be3c3b3240 method=jdk.internal.loader.URLClassPath.getResource(Ljava/lang/String;Z)Ljdk/internal/loader/Resource; @ 53 c2
Event: 10.803 Thread 0x000001be4c97cd60 DEOPT PACKING pc=0x000001be3c3b3240 sp=0x000000a0ccdf9650
Event: 10.804 Thread 0x000001be4c97cd60 DEOPT UNPACKING pc=0x000001be3bcc6da3 sp=0x000000a0ccdf9460 mode 2
Event: 11.338 Thread 0x000001be4c97cd60 Uncommon trap: trap_request=0xffffffde fr.pc=0x000001be3c3c88b0 relative=0x0000000000005bf0
Event: 11.338 Thread 0x000001be4c97cd60 Uncommon trap: reason=class_check action=maybe_recompile pc=0x000001be3c3c88b0 method=jdk.internal.loader.URLClassPath.getLoader(I)Ljdk/internal/loader/URLClassPath$Loader; @ 88 c2
Event: 11.338 Thread 0x000001be4c97cd60 DEOPT PACKING pc=0x000001be3c3c88b0 sp=0x000000a0ccdf9e50
Event: 11.338 Thread 0x000001be4c97cd60 DEOPT UNPACKING pc=0x000001be3bcc6da3 sp=0x000000a0ccdf9c40 mode 2
Event: 11.498 Thread 0x000001be4c97cd60 Uncommon trap: trap_request=0xffffff45 fr.pc=0x000001be3c432fa8 relative=0x00000000000005c8
Event: 11.498 Thread 0x000001be4c97cd60 Uncommon trap: reason=unstable_if action=reinterpret pc=0x000001be3c432fa8 method=java.lang.Integer.stringSize(I)I @ 3 c2
Event: 11.498 Thread 0x000001be4c97cd60 DEOPT PACKING pc=0x000001be3c432fa8 sp=0x000000a0ccdfaf60
Event: 11.498 Thread 0x000001be4c97cd60 DEOPT UNPACKING pc=0x000001be3bcc6da3 sp=0x000000a0ccdfae58 mode 2
Event: 11.545 Thread 0x000001be4c97cd60 Uncommon trap: trap_request=0xffffff45 fr.pc=0x000001be3c357684 relative=0x0000000000000c44
Event: 11.546 Thread 0x000001be4c97cd60 Uncommon trap: reason=unstable_if action=reinterpret pc=0x000001be3c357684 method=jdk.internal.org.objectweb.asm.Frame.getAbstractTypeFromDescriptor(Ljdk/internal/org/objectweb/asm/SymbolTable;Ljava/lang/String;I)I @ 189 c2
Event: 11.546 Thread 0x000001be4c97cd60 DEOPT PACKING pc=0x000001be3c357684 sp=0x000000a0ccdfa630
Event: 11.546 Thread 0x000001be4c97cd60 DEOPT UNPACKING pc=0x000001be3bcc6da3 sp=0x000000a0ccdfa5f0 mode 2

Classes loaded (20 events):
Event: 9.424 Loading class jdk/management/jfr/FlightRecorderMXBeanImpl$MXBeanListener
Event: 9.428 Loading class jdk/jfr/FlightRecorderListener
Event: 9.428 Loading class jdk/jfr/FlightRecorderListener done
Event: 9.428 Loading class jdk/management/jfr/FlightRecorderMXBeanImpl$MXBeanListener done
Event: 9.766 Loading class java/time/format/DateTimeFormatterBuilder$WeekBasedFieldPrinterParser
Event: 9.779 Loading class java/time/format/DateTimeFormatterBuilder$WeekBasedFieldPrinterParser done
Event: 9.813 Loading class com/sun/jmx/mbeanserver/StandardMBeanSupport
Event: 9.813 Loading class com/sun/jmx/mbeanserver/StandardMBeanSupport done
Event: 9.813 Loading class com/sun/jmx/mbeanserver/StandardMBeanIntrospector
Event: 9.814 Loading class com/sun/jmx/mbeanserver/StandardMBeanIntrospector done
Event: 10.757 Loading class jdk/internal/loader/URLClassPath$FileLoader
Event: 10.797 Loading class jdk/internal/loader/URLClassPath$FileLoader done
Event: 11.339 Loading class jdk/internal/loader/URLClassPath$FileLoader$1
Event: 11.339 Loading class jdk/internal/loader/URLClassPath$FileLoader$1 done
Event: 11.423 Loading class java/util/concurrent/Executors$FinalizableDelegatedExecutorService
Event: 11.436 Loading class java/util/concurrent/Executors$DelegatedExecutorService
Event: 11.436 Loading class java/util/concurrent/Executors$DelegatedExecutorService done
Event: 11.436 Loading class java/util/concurrent/Executors$FinalizableDelegatedExecutorService done
Event: 11.506 Loading class java/io/NotSerializableException
Event: 11.506 Loading class java/io/NotSerializableException done

Classes unloaded (0 events):
No events

Classes redefined (0 events):
No events

Internal exceptions (20 events):
Event: 10.612 Thread 0x000001be4c97cd60 Exception <a 'java/lang/ClassNotFoundException'{0x00000000eb117528}: org/jetbrains/kotlin/gradle/targets/js/npm/NpmDependencyExtensionDelegateBeanInfo> (0x00000000eb117528) 
thrown [s\open\src\hotspot\share\classfile\systemDictionary.cpp, line 255]
Event: 10.613 Thread 0x000001be4c97cd60 Exception <a 'java/lang/ClassNotFoundException'{0x00000000eb11fc48}: org/jetbrains/kotlin/gradle/targets/js/npm/NpmDependencyExtensionDelegateCustomizer> (0x00000000eb11fc48) 
thrown [s\open\src\hotspot\share\classfile\systemDictionary.cpp, line 255]
Event: 10.614 Thread 0x000001be4c97cd60 Exception <a 'java/lang/ClassNotFoundException'{0x00000000eb13c9b0}: org/jetbrains/kotlin/gradle/targets/js/npm/NpmDependencyExtensionKt$defaultNpmDependencyDelegate$1Customizer> (0x00000000eb13c9b0) 
thrown [s\open\src\hotspot\share\classfile\systemDictionary.cpp, line 255]
Event: 10.617 Thread 0x000001be4c97cd60 Exception <a 'java/lang/ClassNotFoundException'{0x00000000eb173da8}: org/jetbrains/kotlin/gradle/targets/js/npm/DefaultDevNpmDependencyExtensionBeanInfo> (0x00000000eb173da8) 
thrown [s\open\src\hotspot\share\classfile\systemDictionary.cpp, line 255]
Event: 10.617 Thread 0x000001be4c97cd60 Exception <a 'java/lang/ClassNotFoundException'{0x00000000eb17b760}: org/jetbrains/kotlin/gradle/targets/js/npm/DefaultDevNpmDependencyExtensionCustomizer> (0x00000000eb17b760) 
thrown [s\open\src\hotspot\share\classfile\systemDictionary.cpp, line 255]
Event: 10.621 Thread 0x000001be4c97cd60 Exception <a 'java/lang/ClassNotFoundException'{0x00000000eb1b1da8}: org/jetbrains/kotlin/gradle/targets/js/npm/DefaultPeerNpmDependencyExtensionBeanInfo> (0x00000000eb1b1da8) 
thrown [s\open\src\hotspot\share\classfile\systemDictionary.cpp, line 255]
Event: 10.622 Thread 0x000001be4c97cd60 Exception <a 'java/lang/ClassNotFoundException'{0x00000000eb1b9770}: org/jetbrains/kotlin/gradle/targets/js/npm/DefaultPeerNpmDependencyExtensionCustomizer> (0x00000000eb1b9770) 
thrown [s\open\src\hotspot\share\classfile\systemDictionary.cpp, line 255]
Event: 10.624 Thread 0x000001be4c97cd60 Exception <a 'java/lang/ClassNotFoundException'{0x00000000eb1fb7c8}: org/jetbrains/kotlin/gradle/targets/js/npm/DefaultPeerNpmDependencyExtension$delegate$1BeanInfo> (0x00000000eb1fb7c8) 
thrown [s\open\src\hotspot\share\classfile\systemDictionary.cpp, line 255]
Event: 10.625 Thread 0x000001be4c97cd60 Exception <a 'java/lang/ClassNotFoundException'{0x00000000eb003740}: org/jetbrains/kotlin/gradle/targets/js/npm/DefaultPeerNpmDependencyExtension$delegate$1Customizer> (0x00000000eb003740) 
thrown [s\open\src\hotspot\share\classfile\systemDictionary.cpp, line 255]
Event: 10.676 Thread 0x000001be4c97cd60 Exception <a 'java/lang/NoSuchMethodError'{0x00000000eafeafa8}: 'java.lang.Object java.lang.invoke.DirectMethodHandle$Holder.newInvokeSpecial(java.lang.Object, java.lang.Object, java.lang.Object, java.lang.Object, int)'> (0x00000000eafeafa8) 
thrown [s\open\src\hotspot\share\interpreter\linkResolver.cpp, line 774]
Event: 10.677 Thread 0x000001be4c97cd60 Exception <a 'java/lang/NoSuchMethodError'{0x00000000eaff0068}: 'java.lang.Object java.lang.invoke.DirectMethodHandle$Holder.invokeSpecial(java.lang.Object, java.lang.Object, java.lang.Object, java.lang.Object, java.lang.Object, int)'> (0x00000000eaff0068) 
thrown [s\open\src\hotspot\share\interpreter\linkResolver.cpp, line 774]
Event: 10.677 Thread 0x000001be4c97cd60 Exception <a 'java/lang/NoSuchMethodError'{0x00000000eaff4ad8}: 'java.lang.Object java.lang.invoke.Invokers$Holder.linkToTargetMethod(java.lang.Object, java.lang.Object, java.lang.Object, int, java.lang.Object)'> (0x00000000eaff4ad8) 
thrown [s\open\src\hotspot\share\interpreter\linkResolver.cpp, line 774]
Event: 10.798 Thread 0x000001be4c97cd60 Exception <a 'java/lang/ClassNotFoundException'{0x00000000ea7742d0}: org/gradle/api/plugins/internal/DefaultApplicationPluginConventionBeanInfo> (0x00000000ea7742d0) 
thrown [s\open\src\hotspot\share\classfile\systemDictionary.cpp, line 255]
Event: 10.799 Thread 0x000001be4c97cd60 Exception <a 'java/lang/ClassNotFoundException'{0x00000000ea783238}: org/gradle/api/plugins/ApplicationPluginConventionBeanInfo> (0x00000000ea783238) 
thrown [s\open\src\hotspot\share\classfile\systemDictionary.cpp, line 255]
Event: 10.801 Thread 0x000001be4c97cd60 Exception <a 'java/lang/ClassNotFoundException'{0x00000000ea791f40}: org/gradle/api/plugins/ApplicationPluginConventionCustomizer> (0x00000000ea791f40) 
thrown [s\open\src\hotspot\share\classfile\systemDictionary.cpp, line 255]
Event: 10.804 Thread 0x000001be4c97cd60 Exception <a 'java/lang/ClassNotFoundException'{0x00000000ea7ae678}: org/gradle/api/plugins/internal/DefaultApplicationPluginConventionCustomizer> (0x00000000ea7ae678) 
thrown [s\open\src\hotspot\share\classfile\systemDictionary.cpp, line 255]
Event: 11.442 Thread 0x000001be4c97cd60 Exception <a 'java/lang/ClassNotFoundException'{0x00000000efbca120}: org/jetbrains/plugins/gradle/model/web/WebConfigurationBeanInfo> (0x00000000efbca120) 
thrown [s\open\src\hotspot\share\classfile\systemDictionary.cpp, line 255]
Event: 11.442 Thread 0x000001be4c97cd60 Exception <a 'java/lang/ClassNotFoundException'{0x00000000efbd18d0}: org/jetbrains/plugins/gradle/model/web/WebConfigurationCustomizer> (0x00000000efbd18d0) 
thrown [s\open\src\hotspot\share\classfile\systemDictionary.cpp, line 255]
Event: 11.445 Thread 0x000001be4c97cd60 Exception <a 'java/lang/ClassNotFoundException'{0x00000000efbf0378}: org/jetbrains/plugins/gradle/model/scala/ScalaModelBeanInfo> (0x00000000efbf0378) 
thrown [s\open\src\hotspot\share\classfile\systemDictionary.cpp, line 255]
Event: 11.445 Thread 0x000001be4c97cd60 Exception <a 'java/lang/ClassNotFoundException'{0x00000000efbf7890}: org/jetbrains/plugins/gradle/model/scala/ScalaModelCustomizer> (0x00000000efbf7890) 
thrown [s\open\src\hotspot\share\classfile\systemDictionary.cpp, line 255]

VM Operations (20 events):
Event: 10.369 Executing VM operation: ICBufferFull
Event: 10.370 Executing VM operation: ICBufferFull done
Event: 10.654 Executing VM operation: HandshakeAllThreads
Event: 10.654 Executing VM operation: HandshakeAllThreads done
Event: 10.666 Executing VM operation: HandshakeAllThreads
Event: 10.666 Executing VM operation: HandshakeAllThreads done
Event: 10.733 Executing VM operation: HandshakeAllThreads
Event: 10.733 Executing VM operation: HandshakeAllThreads done
Event: 11.110 Executing VM operation: ICBufferFull
Event: 11.110 Executing VM operation: ICBufferFull done
Event: 11.148 Executing VM operation: HandshakeAllThreads
Event: 11.148 Executing VM operation: HandshakeAllThreads done
Event: 11.260 Executing VM operation: G1CollectForAllocation
Event: 11.292 Executing VM operation: G1CollectForAllocation done
Event: 11.317 Executing VM operation: G1CollectForAllocation
Event: 11.329 Executing VM operation: G1CollectForAllocation done
Event: 11.339 Executing VM operation: HandshakeAllThreads
Event: 11.339 Executing VM operation: HandshakeAllThreads done
Event: 11.340 Executing VM operation: HandshakeAllThreads
Event: 11.340 Executing VM operation: HandshakeAllThreads done

Events (20 events):
Event: 10.741 Thread 0x000001be4b145470 flushing nmethod 0x000001be34f98f90
Event: 10.741 Thread 0x000001be4b145470 flushing nmethod 0x000001be34fa5390
Event: 10.741 Thread 0x000001be4b145470 flushing nmethod 0x000001be34fa7f10
Event: 10.741 Thread 0x000001be4b145470 flushing nmethod 0x000001be34faab10
Event: 10.741 Thread 0x000001be4b145470 flushing nmethod 0x000001be34fab010
Event: 10.741 Thread 0x000001be4b145470 flushing nmethod 0x000001be34fd3090
Event: 10.741 Thread 0x000001be4b145470 flushing nmethod 0x000001be35002290
Event: 10.742 Thread 0x000001be4b145470 flushing nmethod 0x000001be3504b910
Event: 10.742 Thread 0x000001be4b145470 flushing nmethod 0x000001be3504c790
Event: 10.742 Thread 0x000001be4b145470 flushing nmethod 0x000001be350bfb90
Event: 10.742 Thread 0x000001be4b145470 flushing nmethod 0x000001be350d9110
Event: 10.742 Thread 0x000001be4b145470 flushing nmethod 0x000001be350d9910
Event: 10.742 Thread 0x000001be4b145470 flushing nmethod 0x000001be350d9d90
Event: 10.742 Thread 0x000001be4b145470 flushing nmethod 0x000001be350de690
Event: 10.742 Thread 0x000001be4b145470 flushing nmethod 0x000001be350e7610
Event: 10.742 Thread 0x000001be4b145470 flushing nmethod 0x000001be350e7b10
Event: 10.742 Thread 0x000001be4b145470 flushing nmethod 0x000001be350fda10
Event: 10.742 Thread 0x000001be4b145470 flushing nmethod 0x000001be35137a90
Event: 11.067 Thread 0x000001be4ea11c30 Thread exited: 0x000001be4ea11c30
Event: 11.400 Thread 0x000001be4ea16480 Thread added: 0x000001be4ea16480


Dynamic libraries:
0x00007ff692dc0000 - 0x00007ff692dce000 	C:\Users\USER\.jdks\openjdk-19\bin\java.exe
0x00007ff85b600000 - 0x00007ff85b7f0000 	C:\Windows\SYSTEM32\ntdll.dll
0x00007ff85a5e0000 - 0x00007ff85a692000 	C:\Windows\System32\KERNEL32.DLL
0x00007ff858ba0000 - 0x00007ff858e43000 	C:\Windows\System32\KERNELBASE.dll
0x00007ff858aa0000 - 0x00007ff858b9a000 	C:\Windows\System32\ucrtbase.dll
0x00007ff833110000 - 0x00007ff833127000 	C:\Users\USER\.jdks\openjdk-19\bin\jli.dll
0x00007ff833130000 - 0x00007ff83314b000 	C:\Users\USER\.jdks\openjdk-19\bin\VCRUNTIME140.dll
0x00007ff859a50000 - 0x00007ff859be4000 	C:\Windows\System32\USER32.dll
0x00007ff8595d0000 - 0x00007ff8595f1000 	C:\Windows\System32\win32u.dll
0x00007ff848b90000 - 0x00007ff848e15000 	C:\Windows\WinSxS\amd64_microsoft.windows.common-controls_6595b64144ccf1df_6.0.18362.752_none_e6c0b5ed1312b70c\COMCTL32.dll
0x00007ff859d60000 - 0x00007ff859d86000 	C:\Windows\System32\GDI32.dll
0x00007ff859cc0000 - 0x00007ff859d5e000 	C:\Windows\System32\msvcrt.dll
0x00007ff858850000 - 0x00007ff8589e4000 	C:\Windows\System32\gdi32full.dll
0x00007ff85b280000 - 0x00007ff85b5b6000 	C:\Windows\System32\combase.dll
0x00007ff8587b0000 - 0x00007ff85884e000 	C:\Windows\System32\msvcp_win.dll
0x00007ff859730000 - 0x00007ff859850000 	C:\Windows\System32\RPCRT4.dll
0x00007ff859600000 - 0x00007ff859680000 	C:\Windows\System32\bcryptPrimitives.dll
0x00007ff85acd0000 - 0x00007ff85acfe000 	C:\Windows\System32\IMM32.DLL
0x00007ff845710000 - 0x00007ff84571c000 	C:\Users\USER\.jdks\openjdk-19\bin\vcruntime140_1.dll
0x00007ff81e290000 - 0x00007ff81e31e000 	C:\Users\USER\.jdks\openjdk-19\bin\msvcp140.dll
0x00007ff80dd60000 - 0x00007ff80ea20000 	C:\Users\USER\.jdks\openjdk-19\bin\server\jvm.dll
0x00007ff85b140000 - 0x00007ff85b1e3000 	C:\Windows\System32\ADVAPI32.dll
0x00007ff8599b0000 - 0x00007ff859a47000 	C:\Windows\System32\sechost.dll
0x00007ff855180000 - 0x00007ff8551a4000 	C:\Windows\SYSTEM32\WINMM.dll
0x00007ff853040000 - 0x00007ff853049000 	C:\Windows\SYSTEM32\WSOCK32.dll
0x00007ff84c920000 - 0x00007ff84c92a000 	C:\Windows\SYSTEM32\VERSION.dll
0x00007ff85a720000 - 0x00007ff85a78f000 	C:\Windows\System32\WS2_32.dll
0x00007ff855150000 - 0x00007ff85517d000 	C:\Windows\SYSTEM32\WINMMBASE.dll
0x00007ff8586e0000 - 0x00007ff85872a000 	C:\Windows\System32\cfgmgr32.dll
0x00007ff858570000 - 0x00007ff858581000 	C:\Windows\System32\kernel.appcore.dll
0x00007ff83c800000 - 0x00007ff83c80a000 	C:\Users\USER\.jdks\openjdk-19\bin\jimage.dll
0x00007ff847c50000 - 0x00007ff847e44000 	C:\Windows\SYSTEM32\DBGHELP.DLL
0x00007ff847be0000 - 0x00007ff847c0a000 	C:\Windows\SYSTEM32\dbgcore.DLL
0x00007ff8322a0000 - 0x00007ff8322c6000 	C:\Users\USER\.jdks\openjdk-19\bin\java.dll
0x00007ff81dc80000 - 0x00007ff81dd57000 	C:\Users\USER\.jdks\openjdk-19\bin\jsvml.dll
0x00007ff859ef0000 - 0x00007ff85a5d5000 	C:\Windows\System32\SHELL32.dll
0x00007ff859900000 - 0x00007ff8599a9000 	C:\Windows\System32\shcore.dll
0x00007ff858e50000 - 0x00007ff8595d0000 	C:\Windows\System32\windows.storage.dll
0x00007ff858540000 - 0x00007ff858563000 	C:\Windows\System32\profapi.dll
0x00007ff8584f0000 - 0x00007ff85853a000 	C:\Windows\System32\powrprof.dll
0x00007ff8584c0000 - 0x00007ff8584d0000 	C:\Windows\System32\UMPDC.dll
0x00007ff85a6a0000 - 0x00007ff85a6f2000 	C:\Windows\System32\shlwapi.dll
0x00007ff858790000 - 0x00007ff8587a7000 	C:\Windows\System32\cryptsp.dll
0x00007ff832280000 - 0x00007ff832293000 	C:\Users\USER\.jdks\openjdk-19\bin\net.dll
0x00007ff84dc00000 - 0x00007ff84dcf1000 	C:\Windows\SYSTEM32\WINHTTP.dll
0x00007ff857d30000 - 0x00007ff857d97000 	C:\Windows\system32\mswsock.dll
0x00007ff832260000 - 0x00007ff832276000 	C:\Users\USER\.jdks\openjdk-19\bin\nio.dll
0x00007ff830400000 - 0x00007ff830418000 	C:\Users\USER\.jdks\openjdk-19\bin\zip.dll
0x00007ff834940000 - 0x00007ff834950000 	C:\Users\USER\.jdks\openjdk-19\bin\verify.dll
0x00007ff839b70000 - 0x00007ff839b97000 	C:\Users\USER\.gradle\native\9f2fa17c089eee584f3420100432f77ec4c098959e4bf121a4d6054c26537dfb\windows-amd64\native-platform.dll
0x00007ff832250000 - 0x00007ff83225a000 	C:\Users\USER\.jdks\openjdk-19\bin\management.dll
0x00007ff8321b0000 - 0x00007ff8321bb000 	C:\Users\USER\.jdks\openjdk-19\bin\management_ext.dll
0x00007ff85af30000 - 0x00007ff85af38000 	C:\Windows\System32\PSAPI.DLL
0x00007ff8578a0000 - 0x00007ff8578d3000 	C:\Windows\system32\rsaenh.dll
0x00007ff859680000 - 0x00007ff8596a6000 	C:\Windows\System32\bcrypt.dll
0x00007ff8583b0000 - 0x00007ff8583d5000 	C:\Windows\SYSTEM32\USERENV.dll
0x00007ff857f00000 - 0x00007ff857f0c000 	C:\Windows\SYSTEM32\CRYPTBASE.dll
0x00007ff857a40000 - 0x00007ff857a7a000 	C:\Windows\SYSTEM32\IPHLPAPI.DLL
0x00007ff85a700000 - 0x00007ff85a708000 	C:\Windows\System32\NSI.dll
0x00007ff84e5a0000 - 0x00007ff84e5b6000 	C:\Windows\SYSTEM32\dhcpcsvc6.DLL
0x00007ff851340000 - 0x00007ff85135c000 	C:\Windows\SYSTEM32\dhcpcsvc.DLL
0x00007ff857a80000 - 0x00007ff857b4a000 	C:\Windows\SYSTEM32\DNSAPI.dll
0x00007ff831200000 - 0x00007ff831208000 	C:\Users\USER\.jdks\openjdk-19\bin\extnet.dll
0x00007ff851380000 - 0x00007ff85138b000 	C:\Windows\SYSTEM32\WINNSI.DLL
0x00007ff830c00000 - 0x00007ff830c0e000 	C:\Users\USER\.jdks\openjdk-19\bin\sunmscapi.dll
0x00007ff858590000 - 0x00007ff8586d9000 	C:\Windows\System32\CRYPT32.dll
0x00007ff8584d0000 - 0x00007ff8584e2000 	C:\Windows\System32\MSASN1.dll
0x00007ff858000000 - 0x00007ff858026000 	C:\Windows\SYSTEM32\ncrypt.dll
0x00007ff857fc0000 - 0x00007ff857ffb000 	C:\Windows\SYSTEM32\NTASN1.dll
0x00007ff84a540000 - 0x00007ff84a547000 	C:\Windows\system32\wshunix.dll
0x00007ff811710000 - 0x00007ff8118a6000 	C:\Users\USER\.gradle\native\9f2fa17c089eee584f3420100432f77ec4c098959e4bf121a4d6054c26537dfb\windows-amd64\native-platform-file-events.dll

dbghelp: loaded successfully - version: 4.0.5 - missing functions: none
symbol engine: initialized successfully - sym options: 0x614 - pdb path: .;C:\Users\USER\.jdks\openjdk-19\bin;C:\Windows\SYSTEM32;C:\Windows\WinSxS\amd64_microsoft.windows.common-controls_6595b64144ccf1df_6.0.18362.752_none_e6c0b5ed1312b70c;C:\Users\USER\.jdks\openjdk-19\bin\server;C:\Users\USER\.gradle\native\9f2fa17c089eee584f3420100432f77ec4c098959e4bf121a4d6054c26537dfb\windows-amd64

VM Arguments:
jvm_args: -XX:MaxMetaspaceSize=256m -XX:+HeapDumpOnOutOfMemoryError --add-opens=java.base/java.util=ALL-UNNAMED --add-opens=java.base/java.lang=ALL-UNNAMED --add-opens=java.base/java.lang.invoke=ALL-UNNAMED --add-opens=java.prefs/java.util.prefs=ALL-UNNAMED -Xms256m -Xmx512m -Dfile.encoding=windows-1252 -Duser.country=ID -Duser.language=en -Duser.variant 
java_command: org.gradle.launcher.daemon.bootstrap.GradleDaemon 6.6
java_class_path (initial): C:\Users\USER\.gradle\wrapper\dists\gradle-6.6-bin\dflktxzwamd4bv66q00iv4ga9\gradle-6.6\lib\gradle-launcher-6.6.jar
Launcher Type: SUN_STANDARD

[Global flags]
     intx CICompilerCount                          = 3                                         {product} {ergonomic}
   size_t CompressedClassSpaceSize                 = 218103808                                 {product} {ergonomic}
     uint ConcGCThreads                            = 1                                         {product} {ergonomic}
     uint G1ConcRefinementThreads                  = 4                                         {product} {ergonomic}
   size_t G1HeapRegionSize                         = 1048576                                   {product} {ergonomic}
    uintx GCDrainStackTargetSize                   = 64                                        {product} {ergonomic}
     bool HeapDumpOnOutOfMemoryError               = true                                   {manageable} {command line}
   size_t InitialHeapSize                          = 268435456                                 {product} {command line}
   size_t MarkStackSize                            = 4194304                                   {product} {ergonomic}
   size_t MaxHeapSize                              = 536870912                                 {product} {command line}
   size_t MaxMetaspaceSize                         = 268435456                                 {product} {command line}
   size_t MaxNewSize                               = 321912832                                 {product} {ergonomic}
   size_t MinHeapDeltaBytes                        = 1048576                                   {product} {ergonomic}
   size_t MinHeapSize                              = 268435456                                 {product} {command line}
    uintx NonNMethodCodeHeapSize                   = 5832780                                {pd product} {ergonomic}
    uintx NonProfiledCodeHeapSize                  = 122912730                              {pd product} {ergonomic}
    uintx ProfiledCodeHeapSize                     = 122912730                              {pd product} {ergonomic}
    uintx ReservedCodeCacheSize                    = 251658240                              {pd product} {ergonomic}
     bool SegmentedCodeCache                       = true                                      {product} {ergonomic}
   size_t SoftMaxHeapSize                          = 536870912                              {manageable} {ergonomic}
     bool UseCompressedClassPointers               = true                           {product lp64_product} {ergonomic}
     bool UseCompressedOops                        = true                           {product lp64_product} {ergonomic}
     bool UseG1GC                                  = true                                      {product} {ergonomic}
     bool UseLargePagesIndividualAllocation        = false                                  {pd product} {ergonomic}

Logging:
Log output configuration:
 #0: stdout all=warning uptime,level,tags foldmultilines=false
 #1: stderr all=off uptime,level,tags foldmultilines=false

Environment Variables:
JAVA_HOME=C:\Program Files\Java\jdk-18.0.2.1
PATH=C:\Windows\system32;C:\Windows;C:\Windows\System32\Wbem;C:\Windows\System32\WindowsPowerShell\v1.0\;C:\Windows\System32\OpenSSH\;C:\Program Files (x86)\NVIDIA Corporation\PhysX\Common;C:\xampp\php;C:\Program Files\nodejs\;C:\Program Files\MongoDB\Server\4.4\bin;C:\ProgramData\ComposerSetup\bin;C:\Program Files\Java\jdk-18.0.2.1\bin;C:\Program Files\Git\cmd;C:\Program Files\Gredle\gradle-7.5.1\bin;C:\Users\USER\AppData\Local\Microsoft\WindowsApps;;C:\Users\USER\AppData\Roaming\Composer\vendor\bin;C:\Users\USER\AppData\Roaming\npm;C:\Users\USER\AppData\Local\Programs\Microsoft VS Code\bin
USERNAME=USER
OS=Windows_NT
PROCESSOR_IDENTIFIER=Intel64 Family 6 Model 142 Stepping 10, GenuineIntel
TMP=C:\Users\USER\AppData\Local\Temp
TEMP=C:\Users\USER\AppData\Local\Temp



---------------  S Y S T E M  ---------------

OS:
 Windows 10 , 64 bit Build 18362 (10.0.18362.752)
OS uptime: 0 days 3:58 hours

CPU: total 4 (initial active 4) (2 cores per cpu, 2 threads per core) family 6 model 142 stepping 10 microcode 0x96, cx8, cmov, fxsr, ht, mmx, 3dnowpref, sse, sse2, sse3, ssse3, sse4.1, sse4.2, popcnt, lzcnt, tsc, tscinvbit, avx, avx2, aes, erms, clmul, bmi1, bmi2, adx, fma, vzeroupper, clflush, clflushopt, rdtscp

Memory: 4k page, system-wide physical 8069M (628M free)
TotalPageFile size 8069M (AvailPageFile size 5M)
current process WorkingSet (physical memory assigned to process): 420M, peak: 420M
current process commit charge ("private bytes"): 470M, peak: 471M

vm_info: OpenJDK 64-Bit Server VM (19+36-2238) for windows-amd64 JRE (19+36-2238), built on 2022-08-12T20:29:01Z by "mach5one" with MS VC++ 17.1 (VS2022)

END.
